<?xml version="1.0" encoding="UTF-8"?>
<testsuite name="Sanity Apis Merlin Json" tests="1" skipped="0" failures="0" errors="0" timestamp="2022-08-02T13:32:30" hostname="22LAP5CD1195RQX" time="210.342">
  <properties/>
  <testcase name="Cambio de Pospago a Pospago Generico" classname="Sanity Apis Merlin Json" time="210.342"/>
  <system-out><![CDATA[

Se ejecuta API de Generacion del Token


08:32:37.283 [Test worker] DEBUG org.apache.http.impl.conn.BasicClientConnectionManager - Get connection for route {}->http://10.69.42.60:8089
08:32:37.324 [Test worker] DEBUG org.apache.http.impl.conn.DefaultClientConnectionOperator - Connecting to 10.69.42.60:8089
08:32:37.459 [Test worker] DEBUG org.apache.http.client.protocol.RequestAddCookies - CookieSpec selected: ignoreCookies
08:32:37.464 [Test worker] DEBUG org.apache.http.client.protocol.RequestAuthCache - Auth cache not set in the context
08:32:37.467 [Test worker] DEBUG org.apache.http.client.protocol.RequestTargetAuthentication - Target auth state: UNCHALLENGED
08:32:37.471 [Test worker] DEBUG org.apache.http.client.protocol.RequestProxyAuthentication - Proxy auth state: UNCHALLENGED
08:32:37.472 [Test worker] DEBUG org.apache.http.impl.client.DefaultHttpClient - Attempt 1 to execute request
08:32:37.473 [Test worker] DEBUG org.apache.http.impl.conn.DefaultClientConnection - Sending request: POST /api/authenticate-api HTTP/1.1
08:32:37.474 [Test worker] DEBUG org.apache.http.wire -  >> "POST /api/authenticate-api HTTP/1.1[\r][\n]"
08:32:37.477 [Test worker] DEBUG org.apache.http.wire -  >> "Accept: */*[\r][\n]"
08:32:37.477 [Test worker] DEBUG org.apache.http.wire -  >> "Content-Type: application/json; charset=UTF-8[\r][\n]"
08:32:37.478 [Test worker] DEBUG org.apache.http.wire -  >> "Content-Length: 68[\r][\n]"
08:32:37.478 [Test worker] DEBUG org.apache.http.wire -  >> "Host: 10.69.42.60:8089[\r][\n]"
08:32:37.478 [Test worker] DEBUG org.apache.http.wire -  >> "Connection: Keep-Alive[\r][\n]"
08:32:37.479 [Test worker] DEBUG org.apache.http.wire -  >> "User-Agent: Apache-HttpClient/4.5.9 (Java/1.8.0_291)[\r][\n]"
08:32:37.479 [Test worker] DEBUG org.apache.http.wire -  >> "Accept-Encoding: gzip,deflate[\r][\n]"
08:32:37.479 [Test worker] DEBUG org.apache.http.wire -  >> "[\r][\n]"
08:32:37.479 [Test worker] DEBUG org.apache.http.headers - >> POST /api/authenticate-api HTTP/1.1
08:32:37.479 [Test worker] DEBUG org.apache.http.headers - >> Accept: */*
08:32:37.479 [Test worker] DEBUG org.apache.http.headers - >> Content-Type: application/json; charset=UTF-8
08:32:37.479 [Test worker] DEBUG org.apache.http.headers - >> Content-Length: 68
08:32:37.479 [Test worker] DEBUG org.apache.http.headers - >> Host: 10.69.42.60:8089
08:32:37.479 [Test worker] DEBUG org.apache.http.headers - >> Connection: Keep-Alive
08:32:37.479 [Test worker] DEBUG org.apache.http.headers - >> User-Agent: Apache-HttpClient/4.5.9 (Java/1.8.0_291)
08:32:37.479 [Test worker] DEBUG org.apache.http.headers - >> Accept-Encoding: gzip,deflate
08:32:37.481 [Test worker] DEBUG org.apache.http.wire -  >> "{[\n]"
08:32:37.482 [Test worker] DEBUG org.apache.http.wire -  >> "    "username": "Natalia.Rios",[\n]"
08:32:37.482 [Test worker] DEBUG org.apache.http.wire -  >> "    "password": "NataliaRio.11-"[\n]"
08:32:37.482 [Test worker] DEBUG org.apache.http.wire -  >> "}"
08:32:37.899 [Test worker] DEBUG org.apache.http.wire -  << "HTTP/1.1 200 [\r][\n]"
08:32:37.904 [Test worker] DEBUG org.apache.http.wire -  << "Vary: Origin[\r][\n]"
08:32:37.905 [Test worker] DEBUG org.apache.http.wire -  << "Vary: Access-Control-Request-Method[\r][\n]"
08:32:37.905 [Test worker] DEBUG org.apache.http.wire -  << "Vary: Access-Control-Request-Headers[\r][\n]"
08:32:37.906 [Test worker] DEBUG org.apache.http.wire -  << "Vary: Origin[\r][\n]"
08:32:37.906 [Test worker] DEBUG org.apache.http.wire -  << "Vary: Access-Control-Request-Method[\r][\n]"
08:32:37.907 [Test worker] DEBUG org.apache.http.wire -  << "Vary: Access-Control-Request-Headers[\r][\n]"
08:32:37.907 [Test worker] DEBUG org.apache.http.wire -  << "X-Content-Type-Options: nosniff[\r][\n]"
08:32:37.907 [Test worker] DEBUG org.apache.http.wire -  << "X-XSS-Protection: 1; mode=block[\r][\n]"
08:32:37.907 [Test worker] DEBUG org.apache.http.wire -  << "Cache-Control: no-cache, no-store, max-age=0, must-revalidate[\r][\n]"
08:32:37.907 [Test worker] DEBUG org.apache.http.wire -  << "Pragma: no-cache[\r][\n]"
08:32:37.907 [Test worker] DEBUG org.apache.http.wire -  << "Expires: 0[\r][\n]"
08:32:37.908 [Test worker] DEBUG org.apache.http.wire -  << "X-Frame-Options: DENY[\r][\n]"
08:32:37.908 [Test worker] DEBUG org.apache.http.wire -  << "Content-Type: application/json[\r][\n]"
08:32:37.908 [Test worker] DEBUG org.apache.http.wire -  << "Transfer-Encoding: chunked[\r][\n]"
08:32:37.908 [Test worker] DEBUG org.apache.http.wire -  << "Date: Tue, 02 Aug 2022 12:48:53 GMT[\r][\n]"
08:32:37.909 [Test worker] DEBUG org.apache.http.wire -  << "Keep-Alive: timeout=60[\r][\n]"
08:32:37.909 [Test worker] DEBUG org.apache.http.wire -  << "Connection: keep-alive[\r][\n]"
08:32:37.909 [Test worker] DEBUG org.apache.http.wire -  << "[\r][\n]"
08:32:37.911 [Test worker] DEBUG org.apache.http.impl.conn.DefaultClientConnection - Receiving response: HTTP/1.1 200 
08:32:37.911 [Test worker] DEBUG org.apache.http.headers - << HTTP/1.1 200 
08:32:37.911 [Test worker] DEBUG org.apache.http.headers - << Vary: Origin
08:32:37.911 [Test worker] DEBUG org.apache.http.headers - << Vary: Access-Control-Request-Method
08:32:37.911 [Test worker] DEBUG org.apache.http.headers - << Vary: Access-Control-Request-Headers
08:32:37.912 [Test worker] DEBUG org.apache.http.headers - << Vary: Origin
08:32:37.912 [Test worker] DEBUG org.apache.http.headers - << Vary: Access-Control-Request-Method
08:32:37.912 [Test worker] DEBUG org.apache.http.headers - << Vary: Access-Control-Request-Headers
08:32:37.912 [Test worker] DEBUG org.apache.http.headers - << X-Content-Type-Options: nosniff
08:32:37.912 [Test worker] DEBUG org.apache.http.headers - << X-XSS-Protection: 1; mode=block
08:32:37.912 [Test worker] DEBUG org.apache.http.headers - << Cache-Control: no-cache, no-store, max-age=0, must-revalidate
08:32:37.913 [Test worker] DEBUG org.apache.http.headers - << Pragma: no-cache
08:32:37.913 [Test worker] DEBUG org.apache.http.headers - << Expires: 0
08:32:37.913 [Test worker] DEBUG org.apache.http.headers - << X-Frame-Options: DENY
08:32:37.913 [Test worker] DEBUG org.apache.http.headers - << Content-Type: application/json
08:32:37.913 [Test worker] DEBUG org.apache.http.headers - << Transfer-Encoding: chunked
08:32:37.913 [Test worker] DEBUG org.apache.http.headers - << Date: Tue, 02 Aug 2022 12:48:53 GMT
08:32:37.913 [Test worker] DEBUG org.apache.http.headers - << Keep-Alive: timeout=60
08:32:37.913 [Test worker] DEBUG org.apache.http.headers - << Connection: keep-alive
08:32:37.933 [Test worker] DEBUG org.apache.http.impl.client.DefaultHttpClient - Connection can be kept alive for 60000 MILLISECONDS
08:32:38.082 [Test worker] DEBUG io.restassured.internal.RequestSpecificationImpl$RestAssuredHttpBuilder - Parsing response as: application/json
08:32:38.082 [Test worker] DEBUG io.restassured.internal.RequestSpecificationImpl$RestAssuredHttpBuilder - Parsed data to instance of: class org.apache.http.conn.EofSensorInputStream
08:32:38.278 [Test worker] DEBUG org.apache.http.wire -  << "df[\r][\n]"
08:32:38.278 [Test worker] DEBUG org.apache.http.wire -  << "{"role":"Analista QA","rights":"ejecutar","username":"Natalia.Rios","token":"eyJhbGciOiJIUzI1NiJ9.eyJzdWIiOiJOYXRhbGlhLlJpb3NBUEkiLCJleHAiOjE2NTk0ODA1MzMsImlhdCI6MTY1OTQ0NDUzM30.as52vbhjZt7xRLAB1gsioHSW260MmAqv0113jr1iGzc"}"
08:32:38.280 [Test worker] DEBUG org.apache.http.wire -  << "[\r][\n]"
08:32:38.281 [Test worker] DEBUG org.apache.http.wire -  << "0[\r][\n]"
08:32:38.281 [Test worker] DEBUG org.apache.http.wire -  << "[\r][\n]"
08:32:38.282 [Test worker] DEBUG org.apache.http.impl.conn.BasicClientConnectionManager - Releasing connection org.apache.http.impl.conn.ManagedClientConnectionImpl@7b08922
08:32:38.282 [Test worker] DEBUG org.apache.http.impl.conn.BasicClientConnectionManager - Connection can be kept alive for 60000 MILLISECONDS
08:32:39.341 [Finalizer] DEBUG org.apache.http.impl.conn.DefaultClientConnection - Connection 0.0.0.0:56977<->10.69.42.60:8089 closed


Se ejecuta API AutomatizaciÃ³n


08:32:41.297 [Test worker] DEBUG org.apache.http.impl.conn.BasicClientConnectionManager - Get connection for route {}->http://10.69.42.60:8089
08:32:41.299 [Test worker] DEBUG org.apache.http.impl.conn.DefaultClientConnectionOperator - Connecting to 10.69.42.60:8089
08:32:42.958 [Test worker] DEBUG org.apache.http.client.protocol.RequestAddCookies - CookieSpec selected: ignoreCookies
08:32:42.959 [Test worker] DEBUG org.apache.http.client.protocol.RequestAuthCache - Auth cache not set in the context
08:32:42.959 [Test worker] DEBUG org.apache.http.client.protocol.RequestProxyAuthentication - Proxy auth state: UNCHALLENGED
08:32:42.959 [Test worker] DEBUG org.apache.http.impl.client.DefaultHttpClient - Attempt 1 to execute request
08:32:42.960 [Test worker] DEBUG org.apache.http.impl.conn.DefaultClientConnection - Sending request: POST /api/external-automation HTTP/1.1
08:32:42.960 [Test worker] DEBUG org.apache.http.wire -  >> "POST /api/external-automation HTTP/1.1[\r][\n]"
08:32:42.960 [Test worker] DEBUG org.apache.http.wire -  >> "Authorization: Bearer eyJhbGciOiJIUzI1NiJ9.eyJzdWIiOiJOYXRhbGlhLlJpb3NBUEkiLCJleHAiOjE2NTk0ODA1MzMsImlhdCI6MTY1OTQ0NDUzM30.as52vbhjZt7xRLAB1gsioHSW260MmAqv0113jr1iGzc[\r][\n]"
08:32:42.960 [Test worker] DEBUG org.apache.http.wire -  >> "Accept: */*[\r][\n]"
08:32:42.961 [Test worker] DEBUG org.apache.http.wire -  >> "Content-Type: application/json; charset=UTF-8[\r][\n]"
08:32:42.961 [Test worker] DEBUG org.apache.http.wire -  >> "Content-Length: 3564[\r][\n]"
08:32:42.961 [Test worker] DEBUG org.apache.http.wire -  >> "Host: 10.69.42.60:8089[\r][\n]"
08:32:42.961 [Test worker] DEBUG org.apache.http.wire -  >> "Connection: Keep-Alive[\r][\n]"
08:32:42.961 [Test worker] DEBUG org.apache.http.wire -  >> "User-Agent: Apache-HttpClient/4.5.9 (Java/1.8.0_291)[\r][\n]"
08:32:42.961 [Test worker] DEBUG org.apache.http.wire -  >> "Accept-Encoding: gzip,deflate[\r][\n]"
08:32:42.961 [Test worker] DEBUG org.apache.http.wire -  >> "[\r][\n]"
08:32:42.962 [Test worker] DEBUG org.apache.http.headers - >> POST /api/external-automation HTTP/1.1
08:32:42.962 [Test worker] DEBUG org.apache.http.headers - >> Authorization: Bearer eyJhbGciOiJIUzI1NiJ9.eyJzdWIiOiJOYXRhbGlhLlJpb3NBUEkiLCJleHAiOjE2NTk0ODA1MzMsImlhdCI6MTY1OTQ0NDUzM30.as52vbhjZt7xRLAB1gsioHSW260MmAqv0113jr1iGzc
08:32:42.962 [Test worker] DEBUG org.apache.http.headers - >> Accept: */*
08:32:42.962 [Test worker] DEBUG org.apache.http.headers - >> Content-Type: application/json; charset=UTF-8
08:32:42.962 [Test worker] DEBUG org.apache.http.headers - >> Content-Length: 3564
08:32:42.962 [Test worker] DEBUG org.apache.http.headers - >> Host: 10.69.42.60:8089
08:32:42.962 [Test worker] DEBUG org.apache.http.headers - >> Connection: Keep-Alive
08:32:42.962 [Test worker] DEBUG org.apache.http.headers - >> User-Agent: Apache-HttpClient/4.5.9 (Java/1.8.0_291)
08:32:42.963 [Test worker] DEBUG org.apache.http.headers - >> Accept-Encoding: gzip,deflate
08:32:42.963 [Test worker] DEBUG org.apache.http.wire -  >> "{[\n]"
08:32:42.963 [Test worker] DEBUG org.apache.http.wire -  >> "    "contentFeature": [[\n]"
08:32:42.963 [Test worker] DEBUG org.apache.http.wire -  >> "        "Feature: Cambio de Pospago a Pospago Generico\n\n           Scenario Outline: Cambio de linea Pospago a Pospago\n\tGiven Deseo navegar a la pagina <urlCrm>\n\tAnd Ingreso rapidamente <userCrm> en el campo \"User\"\n\tAnd Ingreso rapidamente <passCrm> en el campo \"Password\"\n\tAnd Doy click en \"Submit\"\n\tAnd Doy click en \"PostVenta\"\n\tAnd Espero que la pagina cargue\n\tAnd Selecciono en el arbol la opcion <opcTransacciones>\n\tAnd Selecciono en el arbol la opcion <opcModificacionDeLinea>\n\tAnd Doy click en \"Cambio de plan Controles y Pospagos\"\n\tAnd Espero <tiempoEspera> segundos\n\tAnd Espero que el iFrame \"transaccion crm portal\" cargue\n\tAnd Cargo la pagina interna \"transaccion crm portal\"\n\tWhen Ingreso rapidamente <msisdn> en el campo \"Numero de Movil\"\n    And Doy click en \"titulo\"\n    And Espero <Espera> segundos\n    And Espero <Espera1> segundos\n    And Doy click en \"generateToken\"\n    And En el ambiente <ipWithPort> obtengo el token para linea <msisdn> y lo ingreso en el campo \"asessorPass\"\n    And Doy click en \"titulo\"\n\tAnd Ingreso rapidamente <motivo> en el campo \"Motivo del Cambio\"\n\tAnd Espero que el elemento \"loading box\" sea invisible\n\tAnd Selecciono <listaPlan> de la lista \"plan destino\"\n\tAnd Selecciono <contrato> de la lista \"renovacion contrato\"\n\tAnd Doy click en \"fecha calendario\"\n\tAnd Espero que el elemento \"loading box\" sea invisible\n\tAnd Doy click en \"boton cambiar plan\"\n\tThen Selecciono la opcion <alert> del mensaje de alerta\n\tAnd Espero que cargue completamente el documento de la pagina\n\tThen Verifico el mensaje <mensajeFinal> buscando en la lista \"resultados postventa\" y realizo scroll hasta el \"Resultado cambio\"\n\n Examples:\n|urlCrm|userCrm|passCrm|opcTransacciones|opcModificacionDeLinea|tiempoEspera|msisdn|Espera|Espera1|ipWithPort|motivo|listaPlan|contrato|alert|mensajeFinal|\n|\"http://10.69.60.141:8280/portal/login?initialURI=%2Fportal%2FCRMPortal%2F\"|\"CQ10960370\"|\"Tigo.2022*\"|\"Transacciones\"|\"Modificacion de Linea\"|\"5\"|\"3052755816\"|\"35\"|\"30\"|\"10.69.60.138:22\"|\"Cambio de plan pospago a prepago\"|\"1208-Pospago 5.1 Empresarial-\"|\"SI\"|\"Aceptar\"|\"\"|\n"[\n]"
08:32:42.963 [Test worker] DEBUG org.apache.http.wire -  >> "    ],[\n]"
08:32:42.963 [Test worker] DEBUG org.apache.http.wire -  >> "    "nameFeature": [[\n]"
08:32:42.963 [Test worker] DEBUG org.apache.http.wire -  >> "        "ESC001_ Cambio de Pospago a Pospago Generico"[\n]"
08:32:42.963 [Test worker] DEBUG org.apache.http.wire -  >> "    ],[\n]"
08:32:42.963 [Test worker] DEBUG org.apache.http.wire -  >> "    "contentProperties": [[\n]"
08:32:42.963 [Test worker] DEBUG org.apache.http.wire -  >> "        "|User=id:username|Password=id:password|Submit=name:login|PostVenta=linkText:Postventa|Cambio de plan Controles y Pospagos=xpath://a[contains(text(),'Cambio de plan Controles y Pospagos')]|transaccion crm portal=id:iframe|Numero de Movil=id:PlanschangeForm:msisdnField:msisdn|titulo=//h1[contains(text(),'Cambio')]|generateToken=name:PlanschangeForm:j_id190|asessorPass=//*[@id=\"PlanschangeForm:j_id198:aseToken\"]|Motivo del Cambio=//*[@id=\"PlanschangeForm:reasonField:reason\"]|loading box=id:ajaxLoadingModalBoxCDiv|plan destino=id:PlanschangeForm:planField2|renovacion contrato=name:PlanschangeForm:InfoAnnualRenewal:decisionField|fecha calendario=id:PlanschangeForm:IdFechaCalendarizarInputDate|boton cambiar plan=id:PlanschangeForm:bntPlanChange|resultados postventa=//body//li[@class='infomsg']|Resultado cambio=xpath://body//li[%s]|"[\n]"
08:32:42.963 [Test worker] DEBUG org.apache.http.wire -  >> "    ],[\n]"
08:32:42.967 [Test worker] DEBUG org.apache.http.wire -  >> "    "allowsTrace": "0",[\n]"
08:32:42.967 [Test worker] DEBUG org.apache.http.wire -  >> "    "browser": "chrome",[\n]"
08:32:42.967 [Test worker] DEBUG org.apache.http.wire -  >> "    "aplicationType": [[\n]"
08:32:42.967 [Test worker] DEBUG org.apache.http.wire -  >> "        "Web"[\n]"
08:32:42.967 [Test worker] DEBUG org.apache.http.wire -  >> "    ],[\n]"
08:32:42.967 [Test worker] DEBUG org.apache.http.wire -  >> "    "aplication": [[\n]"
08:32:42.967 [Test worker] DEBUG org.apache.http.wire -  >> "        "CRM"[\n]"
08:32:42.967 [Test worker] DEBUG org.apache.http.wire -  >> "    ],[\n]"
08:32:42.968 [Test worker] DEBUG org.apache.http.wire -  >> "    "process": [[\n]"
08:32:42.968 [Test worker] DEBUG org.apache.http.wire -  >> "        " Cambio de Pospago a Pospago Generico"[\n]"
08:32:42.968 [Test worker] DEBUG org.apache.http.wire -  >> "    ],[\n]"
08:32:42.968 [Test worker] DEBUG org.apache.http.wire -  >> "    "iterations": [[\n]"
08:32:42.968 [Test worker] DEBUG org.apache.http.wire -  >> "        1[\n]"
08:32:42.968 [Test worker] DEBUG org.apache.http.wire -  >> "    ],[\n]"
08:32:42.968 [Test worker] DEBUG org.apache.http.wire -  >> "    "appTypeToValidate": [[\n]"
08:32:42.968 [Test worker] DEBUG org.apache.http.wire -  >> "        "1"[\n]"
08:32:42.968 [Test worker] DEBUG org.apache.http.wire -  >> "    ],[\n]"
08:32:42.969 [Test worker] DEBUG org.apache.http.wire -  >> "    "testError": false,"stopExecution" :false  [\n]"
08:32:42.969 [Test worker] DEBUG org.apache.http.wire -  >> "}"
08:32:43.259 [Test worker] DEBUG org.apache.http.wire -  << "HTTP/1.1 200 [\r][\n]"
08:32:43.259 [Test worker] DEBUG org.apache.http.wire -  << "Vary: Origin[\r][\n]"
08:32:43.260 [Test worker] DEBUG org.apache.http.wire -  << "Vary: Access-Control-Request-Method[\r][\n]"
08:32:43.260 [Test worker] DEBUG org.apache.http.wire -  << "Vary: Access-Control-Request-Headers[\r][\n]"
08:32:43.260 [Test worker] DEBUG org.apache.http.wire -  << "X-Content-Type-Options: nosniff[\r][\n]"
08:32:43.260 [Test worker] DEBUG org.apache.http.wire -  << "X-XSS-Protection: 1; mode=block[\r][\n]"
08:32:43.260 [Test worker] DEBUG org.apache.http.wire -  << "Cache-Control: no-cache, no-store, max-age=0, must-revalidate[\r][\n]"
08:32:43.260 [Test worker] DEBUG org.apache.http.wire -  << "Pragma: no-cache[\r][\n]"
08:32:43.261 [Test worker] DEBUG org.apache.http.wire -  << "Expires: 0[\r][\n]"
08:32:43.261 [Test worker] DEBUG org.apache.http.wire -  << "X-Frame-Options: DENY[\r][\n]"
08:32:43.261 [Test worker] DEBUG org.apache.http.wire -  << "Content-Type: application/json[\r][\n]"
08:32:43.261 [Test worker] DEBUG org.apache.http.wire -  << "Transfer-Encoding: chunked[\r][\n]"
08:32:43.261 [Test worker] DEBUG org.apache.http.wire -  << "Date: Tue, 02 Aug 2022 12:48:58 GMT[\r][\n]"
08:32:43.261 [Test worker] DEBUG org.apache.http.wire -  << "Keep-Alive: timeout=60[\r][\n]"
08:32:43.261 [Test worker] DEBUG org.apache.http.wire -  << "Connection: keep-alive[\r][\n]"
08:32:43.262 [Test worker] DEBUG org.apache.http.wire -  << "[\r][\n]"
08:32:43.262 [Test worker] DEBUG org.apache.http.impl.conn.DefaultClientConnection - Receiving response: HTTP/1.1 200 
08:32:43.262 [Test worker] DEBUG org.apache.http.headers - << HTTP/1.1 200 
08:32:43.262 [Test worker] DEBUG org.apache.http.headers - << Vary: Origin
08:32:43.262 [Test worker] DEBUG org.apache.http.headers - << Vary: Access-Control-Request-Method
08:32:43.262 [Test worker] DEBUG org.apache.http.headers - << Vary: Access-Control-Request-Headers
08:32:43.262 [Test worker] DEBUG org.apache.http.headers - << X-Content-Type-Options: nosniff
08:32:43.262 [Test worker] DEBUG org.apache.http.headers - << X-XSS-Protection: 1; mode=block
08:32:43.262 [Test worker] DEBUG org.apache.http.headers - << Cache-Control: no-cache, no-store, max-age=0, must-revalidate
08:32:43.263 [Test worker] DEBUG org.apache.http.headers - << Pragma: no-cache
08:32:43.263 [Test worker] DEBUG org.apache.http.headers - << Expires: 0
08:32:43.263 [Test worker] DEBUG org.apache.http.headers - << X-Frame-Options: DENY
08:32:43.263 [Test worker] DEBUG org.apache.http.headers - << Content-Type: application/json
08:32:43.263 [Test worker] DEBUG org.apache.http.headers - << Transfer-Encoding: chunked
08:32:43.263 [Test worker] DEBUG org.apache.http.headers - << Date: Tue, 02 Aug 2022 12:48:58 GMT
08:32:43.263 [Test worker] DEBUG org.apache.http.headers - << Keep-Alive: timeout=60
08:32:43.263 [Test worker] DEBUG org.apache.http.headers - << Connection: keep-alive
08:32:43.263 [Test worker] DEBUG org.apache.http.impl.client.DefaultHttpClient - Connection can be kept alive for 60000 MILLISECONDS
08:32:43.264 [Test worker] DEBUG io.restassured.internal.RequestSpecificationImpl$RestAssuredHttpBuilder - Parsing response as: application/json
08:32:43.264 [Test worker] DEBUG io.restassured.internal.RequestSpecificationImpl$RestAssuredHttpBuilder - Parsed data to instance of: class org.apache.http.conn.EofSensorInputStream
08:32:43.270 [Test worker] DEBUG org.apache.http.wire -  << "35[\r][\n]"
08:32:43.276 [Test worker] DEBUG org.apache.http.wire -  << "{"idexecution":"13763","message":"Execution Pending"}"
08:32:43.276 [Test worker] DEBUG org.apache.http.wire -  << "[\r][\n]"
08:32:43.276 [Test worker] DEBUG org.apache.http.wire -  << "0[\r][\n]"
08:32:43.276 [Test worker] DEBUG org.apache.http.wire -  << "[\r][\n]"
08:32:43.276 [Test worker] DEBUG org.apache.http.impl.conn.BasicClientConnectionManager - Releasing connection org.apache.http.impl.conn.ManagedClientConnectionImpl@6e53b6cc
08:32:43.276 [Test worker] DEBUG org.apache.http.impl.conn.BasicClientConnectionManager - Connection can be kept alive for 60000 MILLISECONDS


Se ejecuta API de Generacion del Token


08:32:43.382 [Test worker] DEBUG org.apache.http.impl.conn.BasicClientConnectionManager - Get connection for route {}->http://10.69.42.60:8089
08:32:43.386 [Test worker] DEBUG org.apache.http.impl.conn.DefaultClientConnectionOperator - Connecting to 10.69.42.60:8089
08:32:43.461 [Test worker] DEBUG org.apache.http.client.protocol.RequestAddCookies - CookieSpec selected: ignoreCookies
08:32:43.461 [Test worker] DEBUG org.apache.http.client.protocol.RequestAuthCache - Auth cache not set in the context
08:32:43.461 [Test worker] DEBUG org.apache.http.client.protocol.RequestTargetAuthentication - Target auth state: UNCHALLENGED
08:32:43.461 [Test worker] DEBUG org.apache.http.client.protocol.RequestProxyAuthentication - Proxy auth state: UNCHALLENGED
08:32:43.461 [Test worker] DEBUG org.apache.http.impl.client.DefaultHttpClient - Attempt 1 to execute request
08:32:43.463 [Test worker] DEBUG org.apache.http.impl.conn.DefaultClientConnection - Sending request: POST /api/authenticate-api HTTP/1.1
08:32:43.463 [Test worker] DEBUG org.apache.http.wire -  >> "POST /api/authenticate-api HTTP/1.1[\r][\n]"
08:32:43.463 [Test worker] DEBUG org.apache.http.wire -  >> "Accept: */*[\r][\n]"
08:32:43.463 [Test worker] DEBUG org.apache.http.wire -  >> "Content-Type: application/json; charset=UTF-8[\r][\n]"
08:32:43.464 [Test worker] DEBUG org.apache.http.wire -  >> "Content-Length: 68[\r][\n]"
08:32:43.464 [Test worker] DEBUG org.apache.http.wire -  >> "Host: 10.69.42.60:8089[\r][\n]"
08:32:43.464 [Test worker] DEBUG org.apache.http.wire -  >> "Connection: Keep-Alive[\r][\n]"
08:32:43.464 [Test worker] DEBUG org.apache.http.wire -  >> "User-Agent: Apache-HttpClient/4.5.9 (Java/1.8.0_291)[\r][\n]"
08:32:43.464 [Test worker] DEBUG org.apache.http.wire -  >> "Accept-Encoding: gzip,deflate[\r][\n]"
08:32:43.464 [Test worker] DEBUG org.apache.http.wire -  >> "[\r][\n]"
08:32:43.465 [Test worker] DEBUG org.apache.http.headers - >> POST /api/authenticate-api HTTP/1.1
08:32:43.465 [Test worker] DEBUG org.apache.http.headers - >> Accept: */*
08:32:43.465 [Test worker] DEBUG org.apache.http.headers - >> Content-Type: application/json; charset=UTF-8
08:32:43.465 [Test worker] DEBUG org.apache.http.headers - >> Content-Length: 68
08:32:43.465 [Test worker] DEBUG org.apache.http.headers - >> Host: 10.69.42.60:8089
08:32:43.465 [Test worker] DEBUG org.apache.http.headers - >> Connection: Keep-Alive
08:32:43.465 [Test worker] DEBUG org.apache.http.headers - >> User-Agent: Apache-HttpClient/4.5.9 (Java/1.8.0_291)
08:32:43.465 [Test worker] DEBUG org.apache.http.headers - >> Accept-Encoding: gzip,deflate
08:32:43.465 [Test worker] DEBUG org.apache.http.wire -  >> "{[\n]"
08:32:43.465 [Test worker] DEBUG org.apache.http.wire -  >> "    "username": "Natalia.Rios",[\n]"
08:32:43.465 [Test worker] DEBUG org.apache.http.wire -  >> "    "password": "NataliaRio.11-"[\n]"
08:32:43.465 [Test worker] DEBUG org.apache.http.wire -  >> "}"
08:32:43.669 [Test worker] DEBUG org.apache.http.wire -  << "HTTP/1.1 200 [\r][\n]"
08:32:43.670 [Test worker] DEBUG org.apache.http.wire -  << "Vary: Origin[\r][\n]"
08:32:43.670 [Test worker] DEBUG org.apache.http.wire -  << "Vary: Access-Control-Request-Method[\r][\n]"
08:32:43.671 [Test worker] DEBUG org.apache.http.wire -  << "Vary: Access-Control-Request-Headers[\r][\n]"
08:32:43.671 [Test worker] DEBUG org.apache.http.wire -  << "Vary: Origin[\r][\n]"
08:32:43.672 [Test worker] DEBUG org.apache.http.wire -  << "Vary: Access-Control-Request-Method[\r][\n]"
08:32:43.672 [Test worker] DEBUG org.apache.http.wire -  << "Vary: Access-Control-Request-Headers[\r][\n]"
08:32:43.672 [Test worker] DEBUG org.apache.http.wire -  << "X-Content-Type-Options: nosniff[\r][\n]"
08:32:43.672 [Test worker] DEBUG org.apache.http.wire -  << "X-XSS-Protection: 1; mode=block[\r][\n]"
08:32:43.672 [Test worker] DEBUG org.apache.http.wire -  << "Cache-Control: no-cache, no-store, max-age=0, must-revalidate[\r][\n]"
08:32:43.672 [Test worker] DEBUG org.apache.http.wire -  << "Pragma: no-cache[\r][\n]"
08:32:43.672 [Test worker] DEBUG org.apache.http.wire -  << "Expires: 0[\r][\n]"
08:32:43.672 [Test worker] DEBUG org.apache.http.wire -  << "X-Frame-Options: DENY[\r][\n]"
08:32:43.673 [Test worker] DEBUG org.apache.http.wire -  << "Content-Type: application/json[\r][\n]"
08:32:43.673 [Test worker] DEBUG org.apache.http.wire -  << "Transfer-Encoding: chunked[\r][\n]"
08:32:43.673 [Test worker] DEBUG org.apache.http.wire -  << "Date: Tue, 02 Aug 2022 12:48:58 GMT[\r][\n]"
08:32:43.673 [Test worker] DEBUG org.apache.http.wire -  << "Keep-Alive: timeout=60[\r][\n]"
08:32:43.673 [Test worker] DEBUG org.apache.http.wire -  << "Connection: keep-alive[\r][\n]"
08:32:43.673 [Test worker] DEBUG org.apache.http.wire -  << "[\r][\n]"
08:32:43.673 [Test worker] DEBUG org.apache.http.impl.conn.DefaultClientConnection - Receiving response: HTTP/1.1 200 
08:32:43.673 [Test worker] DEBUG org.apache.http.headers - << HTTP/1.1 200 
08:32:43.674 [Test worker] DEBUG org.apache.http.headers - << Vary: Origin
08:32:43.674 [Test worker] DEBUG org.apache.http.headers - << Vary: Access-Control-Request-Method
08:32:43.674 [Test worker] DEBUG org.apache.http.headers - << Vary: Access-Control-Request-Headers
08:32:43.674 [Test worker] DEBUG org.apache.http.headers - << Vary: Origin
08:32:43.674 [Test worker] DEBUG org.apache.http.headers - << Vary: Access-Control-Request-Method
08:32:43.674 [Test worker] DEBUG org.apache.http.headers - << Vary: Access-Control-Request-Headers
08:32:43.674 [Test worker] DEBUG org.apache.http.headers - << X-Content-Type-Options: nosniff
08:32:43.674 [Test worker] DEBUG org.apache.http.headers - << X-XSS-Protection: 1; mode=block
08:32:43.674 [Test worker] DEBUG org.apache.http.headers - << Cache-Control: no-cache, no-store, max-age=0, must-revalidate
08:32:43.674 [Test worker] DEBUG org.apache.http.headers - << Pragma: no-cache
08:32:43.674 [Test worker] DEBUG org.apache.http.headers - << Expires: 0
08:32:43.674 [Test worker] DEBUG org.apache.http.headers - << X-Frame-Options: DENY
08:32:43.674 [Test worker] DEBUG org.apache.http.headers - << Content-Type: application/json
08:32:43.674 [Test worker] DEBUG org.apache.http.headers - << Transfer-Encoding: chunked
08:32:43.675 [Test worker] DEBUG org.apache.http.headers - << Date: Tue, 02 Aug 2022 12:48:58 GMT
08:32:43.675 [Test worker] DEBUG org.apache.http.headers - << Keep-Alive: timeout=60
08:32:43.675 [Test worker] DEBUG org.apache.http.headers - << Connection: keep-alive
08:32:43.676 [Test worker] DEBUG org.apache.http.impl.client.DefaultHttpClient - Connection can be kept alive for 60000 MILLISECONDS
08:32:43.676 [Test worker] DEBUG io.restassured.internal.RequestSpecificationImpl$RestAssuredHttpBuilder - Parsing response as: application/json
08:32:43.676 [Test worker] DEBUG io.restassured.internal.RequestSpecificationImpl$RestAssuredHttpBuilder - Parsed data to instance of: class org.apache.http.conn.EofSensorInputStream
08:32:43.679 [Test worker] DEBUG org.apache.http.wire -  << "df[\r][\n]"
08:32:43.679 [Test worker] DEBUG org.apache.http.wire -  << "{"role":"Analista QA","rights":"ejecutar","username":"Natalia.Rios","token":"eyJhbGciOiJIUzI1NiJ9.eyJzdWIiOiJOYXRhbGlhLlJpb3NBUEkiLCJleHAiOjE2NTk0ODA1MzksImlhdCI6MTY1OTQ0NDUzOX0.4UkNsdWsC0mTYE2KhCq0-IzvVMB0zHwRWqbt7awM7Xs"}"
08:32:43.679 [Test worker] DEBUG org.apache.http.wire -  << "[\r][\n]"
08:32:43.679 [Test worker] DEBUG org.apache.http.wire -  << "0[\r][\n]"
08:32:43.679 [Test worker] DEBUG org.apache.http.wire -  << "[\r][\n]"
08:32:43.681 [Test worker] DEBUG org.apache.http.impl.conn.BasicClientConnectionManager - Releasing connection org.apache.http.impl.conn.ManagedClientConnectionImpl@63d84f75
08:32:43.681 [Test worker] DEBUG org.apache.http.impl.conn.BasicClientConnectionManager - Connection can be kept alive for 60000 MILLISECONDS


Se ejecuta API AutomatizaciÃ³n


08:32:43.823 [Test worker] DEBUG org.apache.http.impl.conn.BasicClientConnectionManager - Get connection for route {}->http://10.69.42.60:8089
08:32:43.825 [Test worker] DEBUG org.apache.http.impl.conn.DefaultClientConnectionOperator - Connecting to 10.69.42.60:8089
08:32:43.932 [Test worker] DEBUG org.apache.http.client.protocol.RequestAddCookies - CookieSpec selected: ignoreCookies
08:32:43.932 [Test worker] DEBUG org.apache.http.client.protocol.RequestAuthCache - Auth cache not set in the context
08:32:43.932 [Test worker] DEBUG org.apache.http.client.protocol.RequestProxyAuthentication - Proxy auth state: UNCHALLENGED
08:32:43.932 [Test worker] DEBUG org.apache.http.impl.client.DefaultHttpClient - Attempt 1 to execute request
08:32:43.932 [Test worker] DEBUG org.apache.http.impl.conn.DefaultClientConnection - Sending request: POST /api/external-automation HTTP/1.1
08:32:43.932 [Test worker] DEBUG org.apache.http.wire -  >> "POST /api/external-automation HTTP/1.1[\r][\n]"
08:32:43.933 [Test worker] DEBUG org.apache.http.wire -  >> "Authorization: Bearer eyJhbGciOiJIUzI1NiJ9.eyJzdWIiOiJOYXRhbGlhLlJpb3NBUEkiLCJleHAiOjE2NTk0ODA1MzksImlhdCI6MTY1OTQ0NDUzOX0.4UkNsdWsC0mTYE2KhCq0-IzvVMB0zHwRWqbt7awM7Xs[\r][\n]"
08:32:43.933 [Test worker] DEBUG org.apache.http.wire -  >> "Accept: */*[\r][\n]"
08:32:43.933 [Test worker] DEBUG org.apache.http.wire -  >> "Content-Type: application/json; charset=UTF-8[\r][\n]"
08:32:43.934 [Test worker] DEBUG org.apache.http.wire -  >> "Content-Length: 2087[\r][\n]"
08:32:43.934 [Test worker] DEBUG org.apache.http.wire -  >> "Host: 10.69.42.60:8089[\r][\n]"
08:32:43.934 [Test worker] DEBUG org.apache.http.wire -  >> "Connection: Keep-Alive[\r][\n]"
08:32:43.934 [Test worker] DEBUG org.apache.http.wire -  >> "User-Agent: Apache-HttpClient/4.5.9 (Java/1.8.0_291)[\r][\n]"
08:32:43.934 [Test worker] DEBUG org.apache.http.wire -  >> "Accept-Encoding: gzip,deflate[\r][\n]"
08:32:43.934 [Test worker] DEBUG org.apache.http.wire -  >> "[\r][\n]"
08:32:43.934 [Test worker] DEBUG org.apache.http.headers - >> POST /api/external-automation HTTP/1.1
08:32:43.935 [Test worker] DEBUG org.apache.http.headers - >> Authorization: Bearer eyJhbGciOiJIUzI1NiJ9.eyJzdWIiOiJOYXRhbGlhLlJpb3NBUEkiLCJleHAiOjE2NTk0ODA1MzksImlhdCI6MTY1OTQ0NDUzOX0.4UkNsdWsC0mTYE2KhCq0-IzvVMB0zHwRWqbt7awM7Xs
08:32:43.935 [Test worker] DEBUG org.apache.http.headers - >> Accept: */*
08:32:43.935 [Test worker] DEBUG org.apache.http.headers - >> Content-Type: application/json; charset=UTF-8
08:32:43.935 [Test worker] DEBUG org.apache.http.headers - >> Content-Length: 2087
08:32:43.935 [Test worker] DEBUG org.apache.http.headers - >> Host: 10.69.42.60:8089
08:32:43.935 [Test worker] DEBUG org.apache.http.headers - >> Connection: Keep-Alive
08:32:43.935 [Test worker] DEBUG org.apache.http.headers - >> User-Agent: Apache-HttpClient/4.5.9 (Java/1.8.0_291)
08:32:43.935 [Test worker] DEBUG org.apache.http.headers - >> Accept-Encoding: gzip,deflate
08:32:43.937 [Test worker] DEBUG org.apache.http.wire -  >> "{[\n]"
08:32:43.937 [Test worker] DEBUG org.apache.http.wire -  >> "    "contentFeature": [[\n]"
08:32:43.939 [Test worker] DEBUG org.apache.http.wire -  >> "        "Feature: Consultar Linea Detalles\n\n Scenario Outline: Consultar Linea Detalles\n\tGiven Deseo navegar a la pagina <urlCrm>\n And Ingreso rapidamente <userCrm> en el campo \"User\" sin captura\n And Ingreso rapidamente <passCrm> en el campo \"Password\" sin captura\n And Doy click en \"Submit\" sin captura\n And Espero que la pagina cargue\n When Doy click en \"Consultas\"\n And Espero que la pagina cargue\n And Selecciono en el arbol la opcion <postventa>\n And Selecciono en el arbol la opcion <integral>\n And Doy click en \"Nueva pantalla unica\"\n And Espero <tiempoEspera> segundos\n And Espero que el iFrame \"transaccion crm portal\" cargue\n And Cargo la pagina interna \"transaccion crm portal\"\n And Ingreso rapidamente <msisdn> en el campo \"Msisdn\"\n Then Doy click en \"Buscar\"\n And Espero que la pagina cargue\n And Valido que valor del campo \"estado linea\" sea <estadoLinea>\n And Doy click en \"Detalles\"\n And Espero <tiempoEsperaFinal> segundos\n\n Examples:\n|urlCrm|userCrm|passCrm|postventa|integral|tiempoEspera|msisdn|estadoLinea|tiempoEsperaFinal|\n|\"http://10.69.60.141:8280/portal/login?initialURI=%2Fportal%2FCRMPortal%2F\"|\"CQ10960370\"|\"Tigo.2022*\"|\"Consulta Posventa\"|\"Consulta Integral\"|\"3\"|\"3052755816\"|\"Activo\"|\"5\"|\n"[\n]"
08:32:43.939 [Test worker] DEBUG org.apache.http.wire -  >> "    ],[\n]"
08:32:43.939 [Test worker] DEBUG org.apache.http.wire -  >> "    "nameFeature": [[\n]"
08:32:43.939 [Test worker] DEBUG org.apache.http.wire -  >> "        "ESC001_ Consultar Linea Detalles"[\n]"
08:32:43.939 [Test worker] DEBUG org.apache.http.wire -  >> "    ],[\n]"
08:32:43.939 [Test worker] DEBUG org.apache.http.wire -  >> "    "contentProperties": [[\n]"
08:32:43.940 [Test worker] DEBUG org.apache.http.wire -  >> "        "|User=id:username|Password=id:password|Submit=name:login|Consultas=linkText:Consultas|Nueva pantalla unica=linkText:Nueva Pantalla Unica Clientes|transaccion crm portal=id:iframe|Msisdn=xpath://*[@id='j_id15:j_id26']|Buscar=//*[@id='j_id15:j_id27']|estado linea=//*[@id='j_id135:j_id187']|Detalles=id:j_id135:j_id188|"[\n]"
08:32:43.940 [Test worker] DEBUG org.apache.http.wire -  >> "    ],[\n]"
08:32:43.940 [Test worker] DEBUG org.apache.http.wire -  >> "    "allowsTrace": "0",[\n]"
08:32:43.940 [Test worker] DEBUG org.apache.http.wire -  >> "    "browser": "firefox",[\n]"
08:32:43.940 [Test worker] DEBUG org.apache.http.wire -  >> "    "aplicationType": [[\n]"
08:32:43.940 [Test worker] DEBUG org.apache.http.wire -  >> "        "Web"[\n]"
08:32:43.940 [Test worker] DEBUG org.apache.http.wire -  >> "    ],[\n]"
08:32:43.940 [Test worker] DEBUG org.apache.http.wire -  >> "    "aplication": [[\n]"
08:32:43.940 [Test worker] DEBUG org.apache.http.wire -  >> "        "CRM"[\n]"
08:32:43.940 [Test worker] DEBUG org.apache.http.wire -  >> "    ],[\n]"
08:32:43.940 [Test worker] DEBUG org.apache.http.wire -  >> "    "process": [[\n]"
08:32:43.940 [Test worker] DEBUG org.apache.http.wire -  >> "        " Consultar Linea Detalles"[\n]"
08:32:43.940 [Test worker] DEBUG org.apache.http.wire -  >> "    ],[\n]"
08:32:43.940 [Test worker] DEBUG org.apache.http.wire -  >> "    "iterations": [[\n]"
08:32:43.941 [Test worker] DEBUG org.apache.http.wire -  >> "        1[\n]"
08:32:43.941 [Test worker] DEBUG org.apache.http.wire -  >> "    ],[\n]"
08:32:43.941 [Test worker] DEBUG org.apache.http.wire -  >> "    "appTypeToValidate": [[\n]"
08:32:43.941 [Test worker] DEBUG org.apache.http.wire -  >> "        "1"[\n]"
08:32:43.941 [Test worker] DEBUG org.apache.http.wire -  >> "    ],[\n]"
08:32:43.941 [Test worker] DEBUG org.apache.http.wire -  >> "    "testError": false,[\n]"
08:32:43.941 [Test worker] DEBUG org.apache.http.wire -  >> "    "stopExecution": false[\n]"
08:32:43.941 [Test worker] DEBUG org.apache.http.wire -  >> "}"
08:32:44.134 [Test worker] DEBUG org.apache.http.wire -  << "HTTP/1.1 200 [\r][\n]"
08:32:44.135 [Test worker] DEBUG org.apache.http.wire -  << "Vary: Origin[\r][\n]"
08:32:44.135 [Test worker] DEBUG org.apache.http.wire -  << "Vary: Access-Control-Request-Method[\r][\n]"
08:32:44.135 [Test worker] DEBUG org.apache.http.wire -  << "Vary: Access-Control-Request-Headers[\r][\n]"
08:32:44.135 [Test worker] DEBUG org.apache.http.wire -  << "X-Content-Type-Options: nosniff[\r][\n]"
08:32:44.135 [Test worker] DEBUG org.apache.http.wire -  << "X-XSS-Protection: 1; mode=block[\r][\n]"
08:32:44.135 [Test worker] DEBUG org.apache.http.wire -  << "Cache-Control: no-cache, no-store, max-age=0, must-revalidate[\r][\n]"
08:32:44.136 [Test worker] DEBUG org.apache.http.wire -  << "Pragma: no-cache[\r][\n]"
08:32:44.136 [Test worker] DEBUG org.apache.http.wire -  << "Expires: 0[\r][\n]"
08:32:44.137 [Test worker] DEBUG org.apache.http.wire -  << "X-Frame-Options: DENY[\r][\n]"
08:32:44.137 [Test worker] DEBUG org.apache.http.wire -  << "Content-Type: application/json[\r][\n]"
08:32:44.138 [Test worker] DEBUG org.apache.http.wire -  << "Transfer-Encoding: chunked[\r][\n]"
08:32:44.138 [Test worker] DEBUG org.apache.http.wire -  << "Date: Tue, 02 Aug 2022 12:48:58 GMT[\r][\n]"
08:32:44.138 [Test worker] DEBUG org.apache.http.wire -  << "Keep-Alive: timeout=60[\r][\n]"
08:32:44.138 [Test worker] DEBUG org.apache.http.wire -  << "Connection: keep-alive[\r][\n]"
08:32:44.138 [Test worker] DEBUG org.apache.http.wire -  << "[\r][\n]"
08:32:44.138 [Test worker] DEBUG org.apache.http.impl.conn.DefaultClientConnection - Receiving response: HTTP/1.1 200 
08:32:44.139 [Test worker] DEBUG org.apache.http.headers - << HTTP/1.1 200 
08:32:44.139 [Test worker] DEBUG org.apache.http.headers - << Vary: Origin
08:32:44.139 [Test worker] DEBUG org.apache.http.headers - << Vary: Access-Control-Request-Method
08:32:44.139 [Test worker] DEBUG org.apache.http.headers - << Vary: Access-Control-Request-Headers
08:32:44.139 [Test worker] DEBUG org.apache.http.headers - << X-Content-Type-Options: nosniff
08:32:44.139 [Test worker] DEBUG org.apache.http.headers - << X-XSS-Protection: 1; mode=block
08:32:44.139 [Test worker] DEBUG org.apache.http.headers - << Cache-Control: no-cache, no-store, max-age=0, must-revalidate
08:32:44.139 [Test worker] DEBUG org.apache.http.headers - << Pragma: no-cache
08:32:44.140 [Test worker] DEBUG org.apache.http.headers - << Expires: 0
08:32:44.140 [Test worker] DEBUG org.apache.http.headers - << X-Frame-Options: DENY
08:32:44.140 [Test worker] DEBUG org.apache.http.headers - << Content-Type: application/json
08:32:44.140 [Test worker] DEBUG org.apache.http.headers - << Transfer-Encoding: chunked
08:32:44.140 [Test worker] DEBUG org.apache.http.headers - << Date: Tue, 02 Aug 2022 12:48:58 GMT
08:32:44.140 [Test worker] DEBUG org.apache.http.headers - << Keep-Alive: timeout=60
08:32:44.140 [Test worker] DEBUG org.apache.http.headers - << Connection: keep-alive
08:32:44.140 [Test worker] DEBUG org.apache.http.impl.client.DefaultHttpClient - Connection can be kept alive for 60000 MILLISECONDS
08:32:44.140 [Test worker] DEBUG io.restassured.internal.RequestSpecificationImpl$RestAssuredHttpBuilder - Parsing response as: application/json
08:32:44.140 [Test worker] DEBUG io.restassured.internal.RequestSpecificationImpl$RestAssuredHttpBuilder - Parsed data to instance of: class org.apache.http.conn.EofSensorInputStream
08:32:44.144 [Test worker] DEBUG org.apache.http.wire -  << "35[\r][\n]"
08:32:44.144 [Test worker] DEBUG org.apache.http.wire -  << "{"idexecution":"13764","message":"Execution Pending"}"
08:32:44.144 [Test worker] DEBUG org.apache.http.wire -  << "[\r][\n]"
08:32:44.144 [Test worker] DEBUG org.apache.http.wire -  << "0[\r][\n]"
08:32:44.144 [Test worker] DEBUG org.apache.http.wire -  << "[\r][\n]"
08:32:44.144 [Test worker] DEBUG org.apache.http.impl.conn.BasicClientConnectionManager - Releasing connection org.apache.http.impl.conn.ManagedClientConnectionImpl@9c2bbbb
08:32:44.144 [Test worker] DEBUG org.apache.http.impl.conn.BasicClientConnectionManager - Connection can be kept alive for 60000 MILLISECONDS


 Se ejecuta API de Consulta de Resultado 


08:32:44.431 [Test worker] DEBUG org.apache.http.impl.conn.BasicClientConnectionManager - Get connection for route {}->http://10.69.42.60:8089
08:32:44.431 [Test worker] DEBUG org.apache.http.impl.conn.DefaultClientConnectionOperator - Connecting to 10.69.42.60:8089
08:32:44.745 [Test worker] DEBUG org.apache.http.client.protocol.RequestAddCookies - CookieSpec selected: ignoreCookies
08:32:44.746 [Test worker] DEBUG org.apache.http.client.protocol.RequestAuthCache - Auth cache not set in the context
08:32:44.746 [Test worker] DEBUG org.apache.http.client.protocol.RequestProxyAuthentication - Proxy auth state: UNCHALLENGED
08:32:44.746 [Test worker] DEBUG org.apache.http.impl.client.DefaultHttpClient - Attempt 1 to execute request
08:32:44.746 [Test worker] DEBUG org.apache.http.impl.conn.DefaultClientConnection - Sending request: GET /api/execution-result?idexecution=13764 HTTP/1.1
08:32:44.746 [Test worker] DEBUG org.apache.http.wire -  >> "GET /api/execution-result?idexecution=13764 HTTP/1.1[\r][\n]"
08:32:44.746 [Test worker] DEBUG org.apache.http.wire -  >> "Content-Type: application/json; charset=UTF-8[\r][\n]"
08:32:44.746 [Test worker] DEBUG org.apache.http.wire -  >> "Authorization: Bearer eyJhbGciOiJIUzI1NiJ9.eyJzdWIiOiJOYXRhbGlhLlJpb3NBUEkiLCJleHAiOjE2NTk0ODA1MzksImlhdCI6MTY1OTQ0NDUzOX0.4UkNsdWsC0mTYE2KhCq0-IzvVMB0zHwRWqbt7awM7Xs[\r][\n]"
08:32:44.747 [Test worker] DEBUG org.apache.http.wire -  >> "Accept: */*[\r][\n]"
08:32:44.747 [Test worker] DEBUG org.apache.http.wire -  >> "Host: 10.69.42.60:8089[\r][\n]"
08:32:44.747 [Test worker] DEBUG org.apache.http.wire -  >> "Connection: Keep-Alive[\r][\n]"
08:32:44.747 [Test worker] DEBUG org.apache.http.wire -  >> "User-Agent: Apache-HttpClient/4.5.9 (Java/1.8.0_291)[\r][\n]"
08:32:44.747 [Test worker] DEBUG org.apache.http.wire -  >> "Accept-Encoding: gzip,deflate[\r][\n]"
08:32:44.747 [Test worker] DEBUG org.apache.http.wire -  >> "[\r][\n]"
08:32:44.748 [Test worker] DEBUG org.apache.http.headers - >> GET /api/execution-result?idexecution=13764 HTTP/1.1
08:32:44.748 [Test worker] DEBUG org.apache.http.headers - >> Content-Type: application/json; charset=UTF-8
08:32:44.748 [Test worker] DEBUG org.apache.http.headers - >> Authorization: Bearer eyJhbGciOiJIUzI1NiJ9.eyJzdWIiOiJOYXRhbGlhLlJpb3NBUEkiLCJleHAiOjE2NTk0ODA1MzksImlhdCI6MTY1OTQ0NDUzOX0.4UkNsdWsC0mTYE2KhCq0-IzvVMB0zHwRWqbt7awM7Xs
08:32:44.748 [Test worker] DEBUG org.apache.http.headers - >> Accept: */*
08:32:44.748 [Test worker] DEBUG org.apache.http.headers - >> Host: 10.69.42.60:8089
08:32:44.748 [Test worker] DEBUG org.apache.http.headers - >> Connection: Keep-Alive
08:32:44.748 [Test worker] DEBUG org.apache.http.headers - >> User-Agent: Apache-HttpClient/4.5.9 (Java/1.8.0_291)
08:32:44.748 [Test worker] DEBUG org.apache.http.headers - >> Accept-Encoding: gzip,deflate
08:32:45.446 [Test worker] DEBUG org.apache.http.wire -  << "HTTP/1.1 200 [\r][\n]"
08:32:45.446 [Test worker] DEBUG org.apache.http.wire -  << "Vary: Origin[\r][\n]"
08:32:45.446 [Test worker] DEBUG org.apache.http.wire -  << "Vary: Access-Control-Request-Method[\r][\n]"
08:32:45.447 [Test worker] DEBUG org.apache.http.wire -  << "Vary: Access-Control-Request-Headers[\r][\n]"
08:32:45.447 [Test worker] DEBUG org.apache.http.wire -  << "Vary: Origin[\r][\n]"
08:32:45.448 [Test worker] DEBUG org.apache.http.wire -  << "Vary: Access-Control-Request-Method[\r][\n]"
08:32:45.448 [Test worker] DEBUG org.apache.http.wire -  << "Vary: Access-Control-Request-Headers[\r][\n]"
08:32:45.448 [Test worker] DEBUG org.apache.http.wire -  << "X-Content-Type-Options: nosniff[\r][\n]"
08:32:45.448 [Test worker] DEBUG org.apache.http.wire -  << "X-XSS-Protection: 1; mode=block[\r][\n]"
08:32:45.448 [Test worker] DEBUG org.apache.http.wire -  << "Cache-Control: no-cache, no-store, max-age=0, must-revalidate[\r][\n]"
08:32:45.448 [Test worker] DEBUG org.apache.http.wire -  << "Pragma: no-cache[\r][\n]"
08:32:45.448 [Test worker] DEBUG org.apache.http.wire -  << "Expires: 0[\r][\n]"
08:32:45.448 [Test worker] DEBUG org.apache.http.wire -  << "X-Frame-Options: DENY[\r][\n]"
08:32:45.448 [Test worker] DEBUG org.apache.http.wire -  << "Content-Type: application/json[\r][\n]"
08:32:45.448 [Test worker] DEBUG org.apache.http.wire -  << "Transfer-Encoding: chunked[\r][\n]"
08:32:45.448 [Test worker] DEBUG org.apache.http.wire -  << "Date: Tue, 02 Aug 2022 12:49:00 GMT[\r][\n]"
08:32:45.449 [Test worker] DEBUG org.apache.http.wire -  << "Keep-Alive: timeout=60[\r][\n]"
08:32:45.449 [Test worker] DEBUG org.apache.http.wire -  << "Connection: keep-alive[\r][\n]"
08:32:45.449 [Test worker] DEBUG org.apache.http.wire -  << "[\r][\n]"
08:32:45.449 [Test worker] DEBUG org.apache.http.impl.conn.DefaultClientConnection - Receiving response: HTTP/1.1 200 
08:32:45.449 [Test worker] DEBUG org.apache.http.headers - << HTTP/1.1 200 
08:32:45.449 [Test worker] DEBUG org.apache.http.headers - << Vary: Origin
08:32:45.449 [Test worker] DEBUG org.apache.http.headers - << Vary: Access-Control-Request-Method
08:32:45.449 [Test worker] DEBUG org.apache.http.headers - << Vary: Access-Control-Request-Headers
08:32:45.449 [Test worker] DEBUG org.apache.http.headers - << Vary: Origin
08:32:45.449 [Test worker] DEBUG org.apache.http.headers - << Vary: Access-Control-Request-Method
08:32:45.449 [Test worker] DEBUG org.apache.http.headers - << Vary: Access-Control-Request-Headers
08:32:45.449 [Test worker] DEBUG org.apache.http.headers - << X-Content-Type-Options: nosniff
08:32:45.449 [Test worker] DEBUG org.apache.http.headers - << X-XSS-Protection: 1; mode=block
08:32:45.449 [Test worker] DEBUG org.apache.http.headers - << Cache-Control: no-cache, no-store, max-age=0, must-revalidate
08:32:45.450 [Test worker] DEBUG org.apache.http.headers - << Pragma: no-cache
08:32:45.450 [Test worker] DEBUG org.apache.http.headers - << Expires: 0
08:32:45.450 [Test worker] DEBUG org.apache.http.headers - << X-Frame-Options: DENY
08:32:45.450 [Test worker] DEBUG org.apache.http.headers - << Content-Type: application/json
08:32:45.450 [Test worker] DEBUG org.apache.http.headers - << Transfer-Encoding: chunked
08:32:45.450 [Test worker] DEBUG org.apache.http.headers - << Date: Tue, 02 Aug 2022 12:49:00 GMT
08:32:45.450 [Test worker] DEBUG org.apache.http.headers - << Keep-Alive: timeout=60
08:32:45.450 [Test worker] DEBUG org.apache.http.headers - << Connection: keep-alive
08:32:45.450 [Test worker] DEBUG org.apache.http.impl.client.DefaultHttpClient - Connection can be kept alive for 60000 MILLISECONDS
08:32:45.451 [Test worker] DEBUG io.restassured.internal.RequestSpecificationImpl$RestAssuredHttpBuilder - Parsing response as: application/json
08:32:45.451 [Test worker] DEBUG io.restassured.internal.RequestSpecificationImpl$RestAssuredHttpBuilder - Parsed data to instance of: class org.apache.http.conn.EofSensorInputStream
08:32:45.453 [Test worker] DEBUG org.apache.http.wire -  << "34[\r][\n]"
08:32:45.453 [Test worker] DEBUG org.apache.http.wire -  << "{"result":"Pendiente","executionStatus":"Pendiente"}"
08:32:45.453 [Test worker] DEBUG org.apache.http.wire -  << "[\r][\n]"
08:32:45.453 [Test worker] DEBUG org.apache.http.wire -  << "0[\r][\n]"
08:32:45.453 [Test worker] DEBUG org.apache.http.wire -  << "[\r][\n]"
08:32:45.454 [Test worker] DEBUG org.apache.http.impl.conn.BasicClientConnectionManager - Releasing connection org.apache.http.impl.conn.ManagedClientConnectionImpl@7dfb1bef
08:32:45.454 [Test worker] DEBUG org.apache.http.impl.conn.BasicClientConnectionManager - Connection can be kept alive for 60000 MILLISECONDS


 Se ejecuta API de Consulta de Resultado 


08:32:55.505 [Test worker] DEBUG org.apache.http.impl.conn.BasicClientConnectionManager - Get connection for route {}->http://10.69.42.60:8089
08:32:55.506 [Test worker] DEBUG org.apache.http.impl.conn.DefaultClientConnectionOperator - Connecting to 10.69.42.60:8089
08:32:55.578 [Test worker] DEBUG org.apache.http.client.protocol.RequestAddCookies - CookieSpec selected: ignoreCookies
08:32:55.578 [Test worker] DEBUG org.apache.http.client.protocol.RequestAuthCache - Auth cache not set in the context
08:32:55.578 [Test worker] DEBUG org.apache.http.client.protocol.RequestProxyAuthentication - Proxy auth state: UNCHALLENGED
08:32:55.578 [Test worker] DEBUG org.apache.http.impl.client.DefaultHttpClient - Attempt 1 to execute request
08:32:55.578 [Test worker] DEBUG org.apache.http.impl.conn.DefaultClientConnection - Sending request: GET /api/execution-result?idexecution=13764 HTTP/1.1
08:32:55.578 [Test worker] DEBUG org.apache.http.wire -  >> "GET /api/execution-result?idexecution=13764 HTTP/1.1[\r][\n]"
08:32:55.579 [Test worker] DEBUG org.apache.http.wire -  >> "Content-Type: application/json; charset=UTF-8[\r][\n]"
08:32:55.579 [Test worker] DEBUG org.apache.http.wire -  >> "Authorization: Bearer eyJhbGciOiJIUzI1NiJ9.eyJzdWIiOiJOYXRhbGlhLlJpb3NBUEkiLCJleHAiOjE2NTk0ODA1MzksImlhdCI6MTY1OTQ0NDUzOX0.4UkNsdWsC0mTYE2KhCq0-IzvVMB0zHwRWqbt7awM7Xs[\r][\n]"
08:32:55.579 [Test worker] DEBUG org.apache.http.wire -  >> "Accept: */*[\r][\n]"
08:32:55.579 [Test worker] DEBUG org.apache.http.wire -  >> "Host: 10.69.42.60:8089[\r][\n]"
08:32:55.579 [Test worker] DEBUG org.apache.http.wire -  >> "Connection: Keep-Alive[\r][\n]"
08:32:55.579 [Test worker] DEBUG org.apache.http.wire -  >> "User-Agent: Apache-HttpClient/4.5.9 (Java/1.8.0_291)[\r][\n]"
08:32:55.580 [Test worker] DEBUG org.apache.http.wire -  >> "Accept-Encoding: gzip,deflate[\r][\n]"
08:32:55.580 [Test worker] DEBUG org.apache.http.wire -  >> "[\r][\n]"
08:32:55.580 [Test worker] DEBUG org.apache.http.headers - >> GET /api/execution-result?idexecution=13764 HTTP/1.1
08:32:55.580 [Test worker] DEBUG org.apache.http.headers - >> Content-Type: application/json; charset=UTF-8
08:32:55.580 [Test worker] DEBUG org.apache.http.headers - >> Authorization: Bearer eyJhbGciOiJIUzI1NiJ9.eyJzdWIiOiJOYXRhbGlhLlJpb3NBUEkiLCJleHAiOjE2NTk0ODA1MzksImlhdCI6MTY1OTQ0NDUzOX0.4UkNsdWsC0mTYE2KhCq0-IzvVMB0zHwRWqbt7awM7Xs
08:32:55.580 [Test worker] DEBUG org.apache.http.headers - >> Accept: */*
08:32:55.580 [Test worker] DEBUG org.apache.http.headers - >> Host: 10.69.42.60:8089
08:32:55.580 [Test worker] DEBUG org.apache.http.headers - >> Connection: Keep-Alive
08:32:55.580 [Test worker] DEBUG org.apache.http.headers - >> User-Agent: Apache-HttpClient/4.5.9 (Java/1.8.0_291)
08:32:55.581 [Test worker] DEBUG org.apache.http.headers - >> Accept-Encoding: gzip,deflate
08:32:55.761 [Test worker] DEBUG org.apache.http.wire -  << "HTTP/1.1 200 [\r][\n]"
08:32:55.761 [Test worker] DEBUG org.apache.http.wire -  << "Vary: Origin[\r][\n]"
08:32:55.762 [Test worker] DEBUG org.apache.http.wire -  << "Vary: Access-Control-Request-Method[\r][\n]"
08:32:55.762 [Test worker] DEBUG org.apache.http.wire -  << "Vary: Access-Control-Request-Headers[\r][\n]"
08:32:55.762 [Test worker] DEBUG org.apache.http.wire -  << "Vary: Origin[\r][\n]"
08:32:55.762 [Test worker] DEBUG org.apache.http.wire -  << "Vary: Access-Control-Request-Method[\r][\n]"
08:32:55.762 [Test worker] DEBUG org.apache.http.wire -  << "Vary: Access-Control-Request-Headers[\r][\n]"
08:32:55.762 [Test worker] DEBUG org.apache.http.wire -  << "X-Content-Type-Options: nosniff[\r][\n]"
08:32:55.762 [Test worker] DEBUG org.apache.http.wire -  << "X-XSS-Protection: 1; mode=block[\r][\n]"
08:32:55.762 [Test worker] DEBUG org.apache.http.wire -  << "Cache-Control: no-cache, no-store, max-age=0, must-revalidate[\r][\n]"
08:32:55.762 [Test worker] DEBUG org.apache.http.wire -  << "Pragma: no-cache[\r][\n]"
08:32:55.762 [Test worker] DEBUG org.apache.http.wire -  << "Expires: 0[\r][\n]"
08:32:55.762 [Test worker] DEBUG org.apache.http.wire -  << "X-Frame-Options: DENY[\r][\n]"
08:32:55.762 [Test worker] DEBUG org.apache.http.wire -  << "Content-Type: application/json[\r][\n]"
08:32:55.762 [Test worker] DEBUG org.apache.http.wire -  << "Transfer-Encoding: chunked[\r][\n]"
08:32:55.763 [Test worker] DEBUG org.apache.http.wire -  << "Date: Tue, 02 Aug 2022 12:49:11 GMT[\r][\n]"
08:32:55.763 [Test worker] DEBUG org.apache.http.wire -  << "Keep-Alive: timeout=60[\r][\n]"
08:32:55.763 [Test worker] DEBUG org.apache.http.wire -  << "Connection: keep-alive[\r][\n]"
08:32:55.763 [Test worker] DEBUG org.apache.http.wire -  << "[\r][\n]"
08:32:55.764 [Test worker] DEBUG org.apache.http.impl.conn.DefaultClientConnection - Receiving response: HTTP/1.1 200 
08:32:55.764 [Test worker] DEBUG org.apache.http.headers - << HTTP/1.1 200 
08:32:55.764 [Test worker] DEBUG org.apache.http.headers - << Vary: Origin
08:32:55.764 [Test worker] DEBUG org.apache.http.headers - << Vary: Access-Control-Request-Method
08:32:55.764 [Test worker] DEBUG org.apache.http.headers - << Vary: Access-Control-Request-Headers
08:32:55.765 [Test worker] DEBUG org.apache.http.headers - << Vary: Origin
08:32:55.765 [Test worker] DEBUG org.apache.http.headers - << Vary: Access-Control-Request-Method
08:32:55.765 [Test worker] DEBUG org.apache.http.headers - << Vary: Access-Control-Request-Headers
08:32:55.765 [Test worker] DEBUG org.apache.http.headers - << X-Content-Type-Options: nosniff
08:32:55.765 [Test worker] DEBUG org.apache.http.headers - << X-XSS-Protection: 1; mode=block
08:32:55.765 [Test worker] DEBUG org.apache.http.headers - << Cache-Control: no-cache, no-store, max-age=0, must-revalidate
08:32:55.765 [Test worker] DEBUG org.apache.http.headers - << Pragma: no-cache
08:32:55.765 [Test worker] DEBUG org.apache.http.headers - << Expires: 0
08:32:55.765 [Test worker] DEBUG org.apache.http.headers - << X-Frame-Options: DENY
08:32:55.765 [Test worker] DEBUG org.apache.http.headers - << Content-Type: application/json
08:32:55.765 [Test worker] DEBUG org.apache.http.headers - << Transfer-Encoding: chunked
08:32:55.765 [Test worker] DEBUG org.apache.http.headers - << Date: Tue, 02 Aug 2022 12:49:11 GMT
08:32:55.765 [Test worker] DEBUG org.apache.http.headers - << Keep-Alive: timeout=60
08:32:55.765 [Test worker] DEBUG org.apache.http.headers - << Connection: keep-alive
08:32:55.766 [Test worker] DEBUG org.apache.http.impl.client.DefaultHttpClient - Connection can be kept alive for 60000 MILLISECONDS
08:32:55.773 [Test worker] DEBUG io.restassured.internal.RequestSpecificationImpl$RestAssuredHttpBuilder - Parsing response as: application/json
08:32:55.774 [Test worker] DEBUG io.restassured.internal.RequestSpecificationImpl$RestAssuredHttpBuilder - Parsed data to instance of: class org.apache.http.conn.EofSensorInputStream
08:32:55.775 [Test worker] DEBUG org.apache.http.wire -  << "34[\r][\n]"
08:32:55.775 [Test worker] DEBUG org.apache.http.wire -  << "{"result":"Pendiente","executionStatus":"Pendiente"}"
08:32:55.775 [Test worker] DEBUG org.apache.http.wire -  << "[\r][\n]"
08:32:55.775 [Test worker] DEBUG org.apache.http.wire -  << "0[\r][\n]"
08:32:55.775 [Test worker] DEBUG org.apache.http.wire -  << "[\r][\n]"
08:32:55.775 [Test worker] DEBUG org.apache.http.impl.conn.BasicClientConnectionManager - Releasing connection org.apache.http.impl.conn.ManagedClientConnectionImpl@373e881b
08:32:55.775 [Test worker] DEBUG org.apache.http.impl.conn.BasicClientConnectionManager - Connection can be kept alive for 60000 MILLISECONDS


 Se ejecuta API de Consulta de Resultado 


08:33:05.836 [Test worker] DEBUG org.apache.http.impl.conn.BasicClientConnectionManager - Get connection for route {}->http://10.69.42.60:8089
08:33:05.836 [Test worker] DEBUG org.apache.http.impl.conn.DefaultClientConnectionOperator - Connecting to 10.69.42.60:8089
08:33:05.888 [Test worker] DEBUG org.apache.http.client.protocol.RequestAddCookies - CookieSpec selected: ignoreCookies
08:33:05.888 [Test worker] DEBUG org.apache.http.client.protocol.RequestAuthCache - Auth cache not set in the context
08:33:05.888 [Test worker] DEBUG org.apache.http.client.protocol.RequestProxyAuthentication - Proxy auth state: UNCHALLENGED
08:33:05.888 [Test worker] DEBUG org.apache.http.impl.client.DefaultHttpClient - Attempt 1 to execute request
08:33:05.888 [Test worker] DEBUG org.apache.http.impl.conn.DefaultClientConnection - Sending request: GET /api/execution-result?idexecution=13764 HTTP/1.1
08:33:05.888 [Test worker] DEBUG org.apache.http.wire -  >> "GET /api/execution-result?idexecution=13764 HTTP/1.1[\r][\n]"
08:33:05.888 [Test worker] DEBUG org.apache.http.wire -  >> "Content-Type: application/json; charset=UTF-8[\r][\n]"
08:33:05.888 [Test worker] DEBUG org.apache.http.wire -  >> "Authorization: Bearer eyJhbGciOiJIUzI1NiJ9.eyJzdWIiOiJOYXRhbGlhLlJpb3NBUEkiLCJleHAiOjE2NTk0ODA1MzksImlhdCI6MTY1OTQ0NDUzOX0.4UkNsdWsC0mTYE2KhCq0-IzvVMB0zHwRWqbt7awM7Xs[\r][\n]"
08:33:05.888 [Test worker] DEBUG org.apache.http.wire -  >> "Accept: */*[\r][\n]"
08:33:05.888 [Test worker] DEBUG org.apache.http.wire -  >> "Host: 10.69.42.60:8089[\r][\n]"
08:33:05.899 [Test worker] DEBUG org.apache.http.wire -  >> "Connection: Keep-Alive[\r][\n]"
08:33:05.899 [Test worker] DEBUG org.apache.http.wire -  >> "User-Agent: Apache-HttpClient/4.5.9 (Java/1.8.0_291)[\r][\n]"
08:33:05.899 [Test worker] DEBUG org.apache.http.wire -  >> "Accept-Encoding: gzip,deflate[\r][\n]"
08:33:05.899 [Test worker] DEBUG org.apache.http.wire -  >> "[\r][\n]"
08:33:05.899 [Test worker] DEBUG org.apache.http.headers - >> GET /api/execution-result?idexecution=13764 HTTP/1.1
08:33:05.900 [Test worker] DEBUG org.apache.http.headers - >> Content-Type: application/json; charset=UTF-8
08:33:05.900 [Test worker] DEBUG org.apache.http.headers - >> Authorization: Bearer eyJhbGciOiJIUzI1NiJ9.eyJzdWIiOiJOYXRhbGlhLlJpb3NBUEkiLCJleHAiOjE2NTk0ODA1MzksImlhdCI6MTY1OTQ0NDUzOX0.4UkNsdWsC0mTYE2KhCq0-IzvVMB0zHwRWqbt7awM7Xs
08:33:05.900 [Test worker] DEBUG org.apache.http.headers - >> Accept: */*
08:33:05.901 [Test worker] DEBUG org.apache.http.headers - >> Host: 10.69.42.60:8089
08:33:05.901 [Test worker] DEBUG org.apache.http.headers - >> Connection: Keep-Alive
08:33:05.901 [Test worker] DEBUG org.apache.http.headers - >> User-Agent: Apache-HttpClient/4.5.9 (Java/1.8.0_291)
08:33:05.901 [Test worker] DEBUG org.apache.http.headers - >> Accept-Encoding: gzip,deflate
08:33:06.012 [Test worker] DEBUG org.apache.http.wire -  << "HTTP/1.1 200 [\r][\n]"
08:33:06.012 [Test worker] DEBUG org.apache.http.wire -  << "Vary: Origin[\r][\n]"
08:33:06.012 [Test worker] DEBUG org.apache.http.wire -  << "Vary: Access-Control-Request-Method[\r][\n]"
08:33:06.012 [Test worker] DEBUG org.apache.http.wire -  << "Vary: Access-Control-Request-Headers[\r][\n]"
08:33:06.012 [Test worker] DEBUG org.apache.http.wire -  << "Vary: Origin[\r][\n]"
08:33:06.012 [Test worker] DEBUG org.apache.http.wire -  << "Vary: Access-Control-Request-Method[\r][\n]"
08:33:06.012 [Test worker] DEBUG org.apache.http.wire -  << "Vary: Access-Control-Request-Headers[\r][\n]"
08:33:06.012 [Test worker] DEBUG org.apache.http.wire -  << "X-Content-Type-Options: nosniff[\r][\n]"
08:33:06.012 [Test worker] DEBUG org.apache.http.wire -  << "X-XSS-Protection: 1; mode=block[\r][\n]"
08:33:06.013 [Test worker] DEBUG org.apache.http.wire -  << "Cache-Control: no-cache, no-store, max-age=0, must-revalidate[\r][\n]"
08:33:06.013 [Test worker] DEBUG org.apache.http.wire -  << "Pragma: no-cache[\r][\n]"
08:33:06.013 [Test worker] DEBUG org.apache.http.wire -  << "Expires: 0[\r][\n]"
08:33:06.013 [Test worker] DEBUG org.apache.http.wire -  << "X-Frame-Options: DENY[\r][\n]"
08:33:06.013 [Test worker] DEBUG org.apache.http.wire -  << "Content-Type: application/json[\r][\n]"
08:33:06.013 [Test worker] DEBUG org.apache.http.wire -  << "Transfer-Encoding: chunked[\r][\n]"
08:33:06.013 [Test worker] DEBUG org.apache.http.wire -  << "Date: Tue, 02 Aug 2022 12:49:21 GMT[\r][\n]"
08:33:06.013 [Test worker] DEBUG org.apache.http.wire -  << "Keep-Alive: timeout=60[\r][\n]"
08:33:06.013 [Test worker] DEBUG org.apache.http.wire -  << "Connection: keep-alive[\r][\n]"
08:33:06.013 [Test worker] DEBUG org.apache.http.wire -  << "[\r][\n]"
08:33:06.013 [Test worker] DEBUG org.apache.http.impl.conn.DefaultClientConnection - Receiving response: HTTP/1.1 200 
08:33:06.013 [Test worker] DEBUG org.apache.http.headers - << HTTP/1.1 200 
08:33:06.013 [Test worker] DEBUG org.apache.http.headers - << Vary: Origin
08:33:06.013 [Test worker] DEBUG org.apache.http.headers - << Vary: Access-Control-Request-Method
08:33:06.013 [Test worker] DEBUG org.apache.http.headers - << Vary: Access-Control-Request-Headers
08:33:06.013 [Test worker] DEBUG org.apache.http.headers - << Vary: Origin
08:33:06.013 [Test worker] DEBUG org.apache.http.headers - << Vary: Access-Control-Request-Method
08:33:06.013 [Test worker] DEBUG org.apache.http.headers - << Vary: Access-Control-Request-Headers
08:33:06.013 [Test worker] DEBUG org.apache.http.headers - << X-Content-Type-Options: nosniff
08:33:06.013 [Test worker] DEBUG org.apache.http.headers - << X-XSS-Protection: 1; mode=block
08:33:06.013 [Test worker] DEBUG org.apache.http.headers - << Cache-Control: no-cache, no-store, max-age=0, must-revalidate
08:33:06.013 [Test worker] DEBUG org.apache.http.headers - << Pragma: no-cache
08:33:06.013 [Test worker] DEBUG org.apache.http.headers - << Expires: 0
08:33:06.013 [Test worker] DEBUG org.apache.http.headers - << X-Frame-Options: DENY
08:33:06.013 [Test worker] DEBUG org.apache.http.headers - << Content-Type: application/json
08:33:06.013 [Test worker] DEBUG org.apache.http.headers - << Transfer-Encoding: chunked
08:33:06.013 [Test worker] DEBUG org.apache.http.headers - << Date: Tue, 02 Aug 2022 12:49:21 GMT
08:33:06.013 [Test worker] DEBUG org.apache.http.headers - << Keep-Alive: timeout=60
08:33:06.013 [Test worker] DEBUG org.apache.http.headers - << Connection: keep-alive
08:33:06.014 [Test worker] DEBUG org.apache.http.impl.client.DefaultHttpClient - Connection can be kept alive for 60000 MILLISECONDS
08:33:06.014 [Test worker] DEBUG io.restassured.internal.RequestSpecificationImpl$RestAssuredHttpBuilder - Parsing response as: application/json
08:33:06.015 [Test worker] DEBUG io.restassured.internal.RequestSpecificationImpl$RestAssuredHttpBuilder - Parsed data to instance of: class org.apache.http.conn.EofSensorInputStream
08:33:06.016 [Test worker] DEBUG org.apache.http.wire -  << "34[\r][\n]"
08:33:06.016 [Test worker] DEBUG org.apache.http.wire -  << "{"result":"Pendiente","executionStatus":"Pendiente"}"
08:33:06.016 [Test worker] DEBUG org.apache.http.wire -  << "[\r][\n]"
08:33:06.016 [Test worker] DEBUG org.apache.http.wire -  << "0[\r][\n]"
08:33:06.016 [Test worker] DEBUG org.apache.http.wire -  << "[\r][\n]"
08:33:06.016 [Test worker] DEBUG org.apache.http.impl.conn.BasicClientConnectionManager - Releasing connection org.apache.http.impl.conn.ManagedClientConnectionImpl@68b4f3c9
08:33:06.016 [Test worker] DEBUG org.apache.http.impl.conn.BasicClientConnectionManager - Connection can be kept alive for 60000 MILLISECONDS


 Se ejecuta API de Consulta de Resultado 


08:33:16.035 [Test worker] DEBUG org.apache.http.impl.conn.BasicClientConnectionManager - Get connection for route {}->http://10.69.42.60:8089
08:33:16.035 [Test worker] DEBUG org.apache.http.impl.conn.DefaultClientConnectionOperator - Connecting to 10.69.42.60:8089
08:33:16.086 [Test worker] DEBUG org.apache.http.client.protocol.RequestAddCookies - CookieSpec selected: ignoreCookies
08:33:16.086 [Test worker] DEBUG org.apache.http.client.protocol.RequestAuthCache - Auth cache not set in the context
08:33:16.086 [Test worker] DEBUG org.apache.http.client.protocol.RequestProxyAuthentication - Proxy auth state: UNCHALLENGED
08:33:16.086 [Test worker] DEBUG org.apache.http.impl.client.DefaultHttpClient - Attempt 1 to execute request
08:33:16.086 [Test worker] DEBUG org.apache.http.impl.conn.DefaultClientConnection - Sending request: GET /api/execution-result?idexecution=13764 HTTP/1.1
08:33:16.086 [Test worker] DEBUG org.apache.http.wire -  >> "GET /api/execution-result?idexecution=13764 HTTP/1.1[\r][\n]"
08:33:16.086 [Test worker] DEBUG org.apache.http.wire -  >> "Content-Type: application/json; charset=UTF-8[\r][\n]"
08:33:16.086 [Test worker] DEBUG org.apache.http.wire -  >> "Authorization: Bearer eyJhbGciOiJIUzI1NiJ9.eyJzdWIiOiJOYXRhbGlhLlJpb3NBUEkiLCJleHAiOjE2NTk0ODA1MzksImlhdCI6MTY1OTQ0NDUzOX0.4UkNsdWsC0mTYE2KhCq0-IzvVMB0zHwRWqbt7awM7Xs[\r][\n]"
08:33:16.086 [Test worker] DEBUG org.apache.http.wire -  >> "Accept: */*[\r][\n]"
08:33:16.086 [Test worker] DEBUG org.apache.http.wire -  >> "Host: 10.69.42.60:8089[\r][\n]"
08:33:16.086 [Test worker] DEBUG org.apache.http.wire -  >> "Connection: Keep-Alive[\r][\n]"
08:33:16.094 [Test worker] DEBUG org.apache.http.wire -  >> "User-Agent: Apache-HttpClient/4.5.9 (Java/1.8.0_291)[\r][\n]"
08:33:16.094 [Test worker] DEBUG org.apache.http.wire -  >> "Accept-Encoding: gzip,deflate[\r][\n]"
08:33:16.094 [Test worker] DEBUG org.apache.http.wire -  >> "[\r][\n]"
08:33:16.094 [Test worker] DEBUG org.apache.http.headers - >> GET /api/execution-result?idexecution=13764 HTTP/1.1
08:33:16.094 [Test worker] DEBUG org.apache.http.headers - >> Content-Type: application/json; charset=UTF-8
08:33:16.094 [Test worker] DEBUG org.apache.http.headers - >> Authorization: Bearer eyJhbGciOiJIUzI1NiJ9.eyJzdWIiOiJOYXRhbGlhLlJpb3NBUEkiLCJleHAiOjE2NTk0ODA1MzksImlhdCI6MTY1OTQ0NDUzOX0.4UkNsdWsC0mTYE2KhCq0-IzvVMB0zHwRWqbt7awM7Xs
08:33:16.094 [Test worker] DEBUG org.apache.http.headers - >> Accept: */*
08:33:16.095 [Test worker] DEBUG org.apache.http.headers - >> Host: 10.69.42.60:8089
08:33:16.095 [Test worker] DEBUG org.apache.http.headers - >> Connection: Keep-Alive
08:33:16.095 [Test worker] DEBUG org.apache.http.headers - >> User-Agent: Apache-HttpClient/4.5.9 (Java/1.8.0_291)
08:33:16.095 [Test worker] DEBUG org.apache.http.headers - >> Accept-Encoding: gzip,deflate
08:33:16.187 [Test worker] DEBUG org.apache.http.wire -  << "HTTP/1.1 200 [\r][\n]"
08:33:16.187 [Test worker] DEBUG org.apache.http.wire -  << "Vary: Origin[\r][\n]"
08:33:16.187 [Test worker] DEBUG org.apache.http.wire -  << "Vary: Access-Control-Request-Method[\r][\n]"
08:33:16.187 [Test worker] DEBUG org.apache.http.wire -  << "Vary: Access-Control-Request-Headers[\r][\n]"
08:33:16.187 [Test worker] DEBUG org.apache.http.wire -  << "Vary: Origin[\r][\n]"
08:33:16.187 [Test worker] DEBUG org.apache.http.wire -  << "Vary: Access-Control-Request-Method[\r][\n]"
08:33:16.187 [Test worker] DEBUG org.apache.http.wire -  << "Vary: Access-Control-Request-Headers[\r][\n]"
08:33:16.187 [Test worker] DEBUG org.apache.http.wire -  << "X-Content-Type-Options: nosniff[\r][\n]"
08:33:16.187 [Test worker] DEBUG org.apache.http.wire -  << "X-XSS-Protection: 1; mode=block[\r][\n]"
08:33:16.187 [Test worker] DEBUG org.apache.http.wire -  << "Cache-Control: no-cache, no-store, max-age=0, must-revalidate[\r][\n]"
08:33:16.187 [Test worker] DEBUG org.apache.http.wire -  << "Pragma: no-cache[\r][\n]"
08:33:16.187 [Test worker] DEBUG org.apache.http.wire -  << "Expires: 0[\r][\n]"
08:33:16.187 [Test worker] DEBUG org.apache.http.wire -  << "X-Frame-Options: DENY[\r][\n]"
08:33:16.187 [Test worker] DEBUG org.apache.http.wire -  << "Content-Type: application/json[\r][\n]"
08:33:16.187 [Test worker] DEBUG org.apache.http.wire -  << "Transfer-Encoding: chunked[\r][\n]"
08:33:16.187 [Test worker] DEBUG org.apache.http.wire -  << "Date: Tue, 02 Aug 2022 12:49:31 GMT[\r][\n]"
08:33:16.187 [Test worker] DEBUG org.apache.http.wire -  << "Keep-Alive: timeout=60[\r][\n]"
08:33:16.187 [Test worker] DEBUG org.apache.http.wire -  << "Connection: keep-alive[\r][\n]"
08:33:16.187 [Test worker] DEBUG org.apache.http.wire -  << "[\r][\n]"
08:33:16.187 [Test worker] DEBUG org.apache.http.impl.conn.DefaultClientConnection - Receiving response: HTTP/1.1 200 
08:33:16.187 [Test worker] DEBUG org.apache.http.headers - << HTTP/1.1 200 
08:33:16.187 [Test worker] DEBUG org.apache.http.headers - << Vary: Origin
08:33:16.187 [Test worker] DEBUG org.apache.http.headers - << Vary: Access-Control-Request-Method
08:33:16.187 [Test worker] DEBUG org.apache.http.headers - << Vary: Access-Control-Request-Headers
08:33:16.187 [Test worker] DEBUG org.apache.http.headers - << Vary: Origin
08:33:16.187 [Test worker] DEBUG org.apache.http.headers - << Vary: Access-Control-Request-Method
08:33:16.187 [Test worker] DEBUG org.apache.http.headers - << Vary: Access-Control-Request-Headers
08:33:16.187 [Test worker] DEBUG org.apache.http.headers - << X-Content-Type-Options: nosniff
08:33:16.187 [Test worker] DEBUG org.apache.http.headers - << X-XSS-Protection: 1; mode=block
08:33:16.187 [Test worker] DEBUG org.apache.http.headers - << Cache-Control: no-cache, no-store, max-age=0, must-revalidate
08:33:16.187 [Test worker] DEBUG org.apache.http.headers - << Pragma: no-cache
08:33:16.187 [Test worker] DEBUG org.apache.http.headers - << Expires: 0
08:33:16.187 [Test worker] DEBUG org.apache.http.headers - << X-Frame-Options: DENY
08:33:16.187 [Test worker] DEBUG org.apache.http.headers - << Content-Type: application/json
08:33:16.187 [Test worker] DEBUG org.apache.http.headers - << Transfer-Encoding: chunked
08:33:16.187 [Test worker] DEBUG org.apache.http.headers - << Date: Tue, 02 Aug 2022 12:49:31 GMT
08:33:16.187 [Test worker] DEBUG org.apache.http.headers - << Keep-Alive: timeout=60
08:33:16.187 [Test worker] DEBUG org.apache.http.headers - << Connection: keep-alive
08:33:16.196 [Test worker] DEBUG org.apache.http.impl.client.DefaultHttpClient - Connection can be kept alive for 60000 MILLISECONDS
08:33:16.197 [Test worker] DEBUG io.restassured.internal.RequestSpecificationImpl$RestAssuredHttpBuilder - Parsing response as: application/json
08:33:16.197 [Test worker] DEBUG io.restassured.internal.RequestSpecificationImpl$RestAssuredHttpBuilder - Parsed data to instance of: class org.apache.http.conn.EofSensorInputStream
08:33:16.203 [Test worker] DEBUG org.apache.http.wire -  << "34[\r][\n]"
08:33:16.203 [Test worker] DEBUG org.apache.http.wire -  << "{"result":"Pendiente","executionStatus":"Pendiente"}"
08:33:16.203 [Test worker] DEBUG org.apache.http.wire -  << "[\r][\n]"
08:33:16.204 [Test worker] DEBUG org.apache.http.wire -  << "0[\r][\n]"
08:33:16.204 [Test worker] DEBUG org.apache.http.wire -  << "[\r][\n]"
08:33:16.204 [Test worker] DEBUG org.apache.http.impl.conn.BasicClientConnectionManager - Releasing connection org.apache.http.impl.conn.ManagedClientConnectionImpl@4118ca08
08:33:16.210 [Test worker] DEBUG org.apache.http.impl.conn.BasicClientConnectionManager - Connection can be kept alive for 60000 MILLISECONDS


 Se ejecuta API de Consulta de Resultado 


08:33:26.239 [Test worker] DEBUG org.apache.http.impl.conn.BasicClientConnectionManager - Get connection for route {}->http://10.69.42.60:8089
08:33:26.239 [Test worker] DEBUG org.apache.http.impl.conn.DefaultClientConnectionOperator - Connecting to 10.69.42.60:8089
08:33:26.329 [Test worker] DEBUG org.apache.http.client.protocol.RequestAddCookies - CookieSpec selected: ignoreCookies
08:33:26.329 [Test worker] DEBUG org.apache.http.client.protocol.RequestAuthCache - Auth cache not set in the context
08:33:26.329 [Test worker] DEBUG org.apache.http.client.protocol.RequestProxyAuthentication - Proxy auth state: UNCHALLENGED
08:33:26.331 [Test worker] DEBUG org.apache.http.impl.client.DefaultHttpClient - Attempt 1 to execute request
08:33:26.331 [Test worker] DEBUG org.apache.http.impl.conn.DefaultClientConnection - Sending request: GET /api/execution-result?idexecution=13764 HTTP/1.1
08:33:26.331 [Test worker] DEBUG org.apache.http.wire -  >> "GET /api/execution-result?idexecution=13764 HTTP/1.1[\r][\n]"
08:33:26.331 [Test worker] DEBUG org.apache.http.wire -  >> "Content-Type: application/json; charset=UTF-8[\r][\n]"
08:33:26.332 [Test worker] DEBUG org.apache.http.wire -  >> "Authorization: Bearer eyJhbGciOiJIUzI1NiJ9.eyJzdWIiOiJOYXRhbGlhLlJpb3NBUEkiLCJleHAiOjE2NTk0ODA1MzksImlhdCI6MTY1OTQ0NDUzOX0.4UkNsdWsC0mTYE2KhCq0-IzvVMB0zHwRWqbt7awM7Xs[\r][\n]"
08:33:26.332 [Test worker] DEBUG org.apache.http.wire -  >> "Accept: */*[\r][\n]"
08:33:26.332 [Test worker] DEBUG org.apache.http.wire -  >> "Host: 10.69.42.60:8089[\r][\n]"
08:33:26.332 [Test worker] DEBUG org.apache.http.wire -  >> "Connection: Keep-Alive[\r][\n]"
08:33:26.332 [Test worker] DEBUG org.apache.http.wire -  >> "User-Agent: Apache-HttpClient/4.5.9 (Java/1.8.0_291)[\r][\n]"
08:33:26.332 [Test worker] DEBUG org.apache.http.wire -  >> "Accept-Encoding: gzip,deflate[\r][\n]"
08:33:26.332 [Test worker] DEBUG org.apache.http.wire -  >> "[\r][\n]"
08:33:26.332 [Test worker] DEBUG org.apache.http.headers - >> GET /api/execution-result?idexecution=13764 HTTP/1.1
08:33:26.332 [Test worker] DEBUG org.apache.http.headers - >> Content-Type: application/json; charset=UTF-8
08:33:26.332 [Test worker] DEBUG org.apache.http.headers - >> Authorization: Bearer eyJhbGciOiJIUzI1NiJ9.eyJzdWIiOiJOYXRhbGlhLlJpb3NBUEkiLCJleHAiOjE2NTk0ODA1MzksImlhdCI6MTY1OTQ0NDUzOX0.4UkNsdWsC0mTYE2KhCq0-IzvVMB0zHwRWqbt7awM7Xs
08:33:26.332 [Test worker] DEBUG org.apache.http.headers - >> Accept: */*
08:33:26.332 [Test worker] DEBUG org.apache.http.headers - >> Host: 10.69.42.60:8089
08:33:26.332 [Test worker] DEBUG org.apache.http.headers - >> Connection: Keep-Alive
08:33:26.332 [Test worker] DEBUG org.apache.http.headers - >> User-Agent: Apache-HttpClient/4.5.9 (Java/1.8.0_291)
08:33:26.332 [Test worker] DEBUG org.apache.http.headers - >> Accept-Encoding: gzip,deflate
08:33:26.451 [Test worker] DEBUG org.apache.http.wire -  << "HTTP/1.1 200 [\r][\n]"
08:33:26.451 [Test worker] DEBUG org.apache.http.wire -  << "Vary: Origin[\r][\n]"
08:33:26.451 [Test worker] DEBUG org.apache.http.wire -  << "Vary: Access-Control-Request-Method[\r][\n]"
08:33:26.451 [Test worker] DEBUG org.apache.http.wire -  << "Vary: Access-Control-Request-Headers[\r][\n]"
08:33:26.451 [Test worker] DEBUG org.apache.http.wire -  << "Vary: Origin[\r][\n]"
08:33:26.451 [Test worker] DEBUG org.apache.http.wire -  << "Vary: Access-Control-Request-Method[\r][\n]"
08:33:26.451 [Test worker] DEBUG org.apache.http.wire -  << "Vary: Access-Control-Request-Headers[\r][\n]"
08:33:26.451 [Test worker] DEBUG org.apache.http.wire -  << "X-Content-Type-Options: nosniff[\r][\n]"
08:33:26.451 [Test worker] DEBUG org.apache.http.wire -  << "X-XSS-Protection: 1; mode=block[\r][\n]"
08:33:26.451 [Test worker] DEBUG org.apache.http.wire -  << "Cache-Control: no-cache, no-store, max-age=0, must-revalidate[\r][\n]"
08:33:26.451 [Test worker] DEBUG org.apache.http.wire -  << "Pragma: no-cache[\r][\n]"
08:33:26.451 [Test worker] DEBUG org.apache.http.wire -  << "Expires: 0[\r][\n]"
08:33:26.451 [Test worker] DEBUG org.apache.http.wire -  << "X-Frame-Options: DENY[\r][\n]"
08:33:26.452 [Test worker] DEBUG org.apache.http.wire -  << "Content-Type: application/json[\r][\n]"
08:33:26.452 [Test worker] DEBUG org.apache.http.wire -  << "Transfer-Encoding: chunked[\r][\n]"
08:33:26.452 [Test worker] DEBUG org.apache.http.wire -  << "Date: Tue, 02 Aug 2022 12:49:42 GMT[\r][\n]"
08:33:26.452 [Test worker] DEBUG org.apache.http.wire -  << "Keep-Alive: timeout=60[\r][\n]"
08:33:26.452 [Test worker] DEBUG org.apache.http.wire -  << "Connection: keep-alive[\r][\n]"
08:33:26.452 [Test worker] DEBUG org.apache.http.wire -  << "[\r][\n]"
08:33:26.452 [Test worker] DEBUG org.apache.http.impl.conn.DefaultClientConnection - Receiving response: HTTP/1.1 200 
08:33:26.452 [Test worker] DEBUG org.apache.http.headers - << HTTP/1.1 200 
08:33:26.452 [Test worker] DEBUG org.apache.http.headers - << Vary: Origin
08:33:26.452 [Test worker] DEBUG org.apache.http.headers - << Vary: Access-Control-Request-Method
08:33:26.452 [Test worker] DEBUG org.apache.http.headers - << Vary: Access-Control-Request-Headers
08:33:26.452 [Test worker] DEBUG org.apache.http.headers - << Vary: Origin
08:33:26.452 [Test worker] DEBUG org.apache.http.headers - << Vary: Access-Control-Request-Method
08:33:26.452 [Test worker] DEBUG org.apache.http.headers - << Vary: Access-Control-Request-Headers
08:33:26.452 [Test worker] DEBUG org.apache.http.headers - << X-Content-Type-Options: nosniff
08:33:26.452 [Test worker] DEBUG org.apache.http.headers - << X-XSS-Protection: 1; mode=block
08:33:26.452 [Test worker] DEBUG org.apache.http.headers - << Cache-Control: no-cache, no-store, max-age=0, must-revalidate
08:33:26.452 [Test worker] DEBUG org.apache.http.headers - << Pragma: no-cache
08:33:26.452 [Test worker] DEBUG org.apache.http.headers - << Expires: 0
08:33:26.452 [Test worker] DEBUG org.apache.http.headers - << X-Frame-Options: DENY
08:33:26.452 [Test worker] DEBUG org.apache.http.headers - << Content-Type: application/json
08:33:26.452 [Test worker] DEBUG org.apache.http.headers - << Transfer-Encoding: chunked
08:33:26.453 [Test worker] DEBUG org.apache.http.headers - << Date: Tue, 02 Aug 2022 12:49:42 GMT
08:33:26.453 [Test worker] DEBUG org.apache.http.headers - << Keep-Alive: timeout=60
08:33:26.453 [Test worker] DEBUG org.apache.http.headers - << Connection: keep-alive
08:33:26.453 [Test worker] DEBUG org.apache.http.impl.client.DefaultHttpClient - Connection can be kept alive for 60000 MILLISECONDS
08:33:26.454 [Test worker] DEBUG io.restassured.internal.RequestSpecificationImpl$RestAssuredHttpBuilder - Parsing response as: application/json
08:33:26.454 [Test worker] DEBUG io.restassured.internal.RequestSpecificationImpl$RestAssuredHttpBuilder - Parsed data to instance of: class org.apache.http.conn.EofSensorInputStream
08:33:26.456 [Test worker] DEBUG org.apache.http.wire -  << "34[\r][\n]"
08:33:26.456 [Test worker] DEBUG org.apache.http.wire -  << "{"result":"Pendiente","executionStatus":"Pendiente"}"
08:33:26.456 [Test worker] DEBUG org.apache.http.wire -  << "[\r][\n]"
08:33:26.456 [Test worker] DEBUG org.apache.http.wire -  << "0[\r][\n]"
08:33:26.456 [Test worker] DEBUG org.apache.http.wire -  << "[\r][\n]"
08:33:26.457 [Test worker] DEBUG org.apache.http.impl.conn.BasicClientConnectionManager - Releasing connection org.apache.http.impl.conn.ManagedClientConnectionImpl@6674b81c
08:33:26.457 [Test worker] DEBUG org.apache.http.impl.conn.BasicClientConnectionManager - Connection can be kept alive for 60000 MILLISECONDS


 Se ejecuta API de Consulta de Resultado 


08:33:36.497 [Test worker] DEBUG org.apache.http.impl.conn.BasicClientConnectionManager - Get connection for route {}->http://10.69.42.60:8089
08:33:36.497 [Test worker] DEBUG org.apache.http.impl.conn.DefaultClientConnectionOperator - Connecting to 10.69.42.60:8089
08:33:36.565 [Test worker] DEBUG org.apache.http.client.protocol.RequestAddCookies - CookieSpec selected: ignoreCookies
08:33:36.565 [Test worker] DEBUG org.apache.http.client.protocol.RequestAuthCache - Auth cache not set in the context
08:33:36.565 [Test worker] DEBUG org.apache.http.client.protocol.RequestProxyAuthentication - Proxy auth state: UNCHALLENGED
08:33:36.565 [Test worker] DEBUG org.apache.http.impl.client.DefaultHttpClient - Attempt 1 to execute request
08:33:36.565 [Test worker] DEBUG org.apache.http.impl.conn.DefaultClientConnection - Sending request: GET /api/execution-result?idexecution=13764 HTTP/1.1
08:33:36.565 [Test worker] DEBUG org.apache.http.wire -  >> "GET /api/execution-result?idexecution=13764 HTTP/1.1[\r][\n]"
08:33:36.565 [Test worker] DEBUG org.apache.http.wire -  >> "Content-Type: application/json; charset=UTF-8[\r][\n]"
08:33:36.565 [Test worker] DEBUG org.apache.http.wire -  >> "Authorization: Bearer eyJhbGciOiJIUzI1NiJ9.eyJzdWIiOiJOYXRhbGlhLlJpb3NBUEkiLCJleHAiOjE2NTk0ODA1MzksImlhdCI6MTY1OTQ0NDUzOX0.4UkNsdWsC0mTYE2KhCq0-IzvVMB0zHwRWqbt7awM7Xs[\r][\n]"
08:33:36.565 [Test worker] DEBUG org.apache.http.wire -  >> "Accept: */*[\r][\n]"
08:33:36.565 [Test worker] DEBUG org.apache.http.wire -  >> "Host: 10.69.42.60:8089[\r][\n]"
[...]
08:35:50.061 [Test worker] DEBUG org.apache.http.wire -  << "[\r][\n]"
08:35:50.061 [Test worker] DEBUG org.apache.http.impl.conn.DefaultClientConnection - Receiving response: HTTP/1.1 200 
08:35:50.061 [Test worker] DEBUG org.apache.http.headers - << HTTP/1.1 200 
08:35:50.061 [Test worker] DEBUG org.apache.http.headers - << Vary: Origin
08:35:50.061 [Test worker] DEBUG org.apache.http.headers - << Vary: Access-Control-Request-Method
08:35:50.061 [Test worker] DEBUG org.apache.http.headers - << Vary: Access-Control-Request-Headers
08:35:50.061 [Test worker] DEBUG org.apache.http.headers - << Vary: Origin
08:35:50.061 [Test worker] DEBUG org.apache.http.headers - << Vary: Access-Control-Request-Method
08:35:50.061 [Test worker] DEBUG org.apache.http.headers - << Vary: Access-Control-Request-Headers
08:35:50.061 [Test worker] DEBUG org.apache.http.headers - << X-Content-Type-Options: nosniff
08:35:50.061 [Test worker] DEBUG org.apache.http.headers - << X-XSS-Protection: 1; mode=block
08:35:50.061 [Test worker] DEBUG org.apache.http.headers - << Cache-Control: no-cache, no-store, max-age=0, must-revalidate
08:35:50.061 [Test worker] DEBUG org.apache.http.headers - << Pragma: no-cache
08:35:50.061 [Test worker] DEBUG org.apache.http.headers - << Expires: 0
08:35:50.061 [Test worker] DEBUG org.apache.http.headers - << X-Frame-Options: DENY
08:35:50.061 [Test worker] DEBUG org.apache.http.headers - << Content-Type: application/json
08:35:50.061 [Test worker] DEBUG org.apache.http.headers - << Transfer-Encoding: chunked
08:35:50.061 [Test worker] DEBUG org.apache.http.headers - << Date: Tue, 02 Aug 2022 12:52:05 GMT
08:35:50.061 [Test worker] DEBUG org.apache.http.headers - << Keep-Alive: timeout=60
08:35:50.061 [Test worker] DEBUG org.apache.http.headers - << Connection: keep-alive
08:35:50.061 [Test worker] DEBUG org.apache.http.impl.client.DefaultHttpClient - Connection can be kept alive for 60000 MILLISECONDS
08:35:50.061 [Test worker] DEBUG io.restassured.internal.RequestSpecificationImpl$RestAssuredHttpBuilder - Parsing response as: application/json
08:35:50.061 [Test worker] DEBUG io.restassured.internal.RequestSpecificationImpl$RestAssuredHttpBuilder - Parsed data to instance of: class org.apache.http.conn.EofSensorInputStream
08:35:50.061 [Test worker] DEBUG org.apache.http.wire -  << "38[\r][\n]"
08:35:50.061 [Test worker] DEBUG org.apache.http.wire -  << "{"result":"Pendiente","executionStatus":"En ejecuci[0xc3][0xb3]n"}"
08:35:50.061 [Test worker] DEBUG org.apache.http.wire -  << "[\r][\n]"
08:35:50.061 [Test worker] DEBUG org.apache.http.wire -  << "0[\r][\n]"
08:35:50.061 [Test worker] DEBUG org.apache.http.wire -  << "[\r][\n]"
08:35:50.061 [Test worker] DEBUG org.apache.http.impl.conn.BasicClientConnectionManager - Releasing connection org.apache.http.impl.conn.ManagedClientConnectionImpl@6d010005
08:35:50.061 [Test worker] DEBUG org.apache.http.impl.conn.BasicClientConnectionManager - Connection can be kept alive for 60000 MILLISECONDS


 Se ejecuta API de Consulta de Resultado 


08:36:00.100 [Test worker] DEBUG org.apache.http.impl.conn.BasicClientConnectionManager - Get connection for route {}->http://10.69.42.60:8089
08:36:00.100 [Test worker] DEBUG org.apache.http.impl.conn.DefaultClientConnectionOperator - Connecting to 10.69.42.60:8089
08:36:00.167 [Test worker] DEBUG org.apache.http.client.protocol.RequestAddCookies - CookieSpec selected: ignoreCookies
08:36:00.167 [Test worker] DEBUG org.apache.http.client.protocol.RequestAuthCache - Auth cache not set in the context
08:36:00.167 [Test worker] DEBUG org.apache.http.client.protocol.RequestProxyAuthentication - Proxy auth state: UNCHALLENGED
08:36:00.167 [Test worker] DEBUG org.apache.http.impl.client.DefaultHttpClient - Attempt 1 to execute request
08:36:00.167 [Test worker] DEBUG org.apache.http.impl.conn.DefaultClientConnection - Sending request: GET /api/execution-result?idexecution=13764 HTTP/1.1
08:36:00.171 [Test worker] DEBUG org.apache.http.wire -  >> "GET /api/execution-result?idexecution=13764 HTTP/1.1[\r][\n]"
08:36:00.171 [Test worker] DEBUG org.apache.http.wire -  >> "Content-Type: application/json; charset=UTF-8[\r][\n]"
08:36:00.171 [Test worker] DEBUG org.apache.http.wire -  >> "Authorization: Bearer eyJhbGciOiJIUzI1NiJ9.eyJzdWIiOiJOYXRhbGlhLlJpb3NBUEkiLCJleHAiOjE2NTk0ODA1MzksImlhdCI6MTY1OTQ0NDUzOX0.4UkNsdWsC0mTYE2KhCq0-IzvVMB0zHwRWqbt7awM7Xs[\r][\n]"
08:36:00.171 [Test worker] DEBUG org.apache.http.wire -  >> "Accept: */*[\r][\n]"
08:36:00.171 [Test worker] DEBUG org.apache.http.wire -  >> "Host: 10.69.42.60:8089[\r][\n]"
08:36:00.171 [Test worker] DEBUG org.apache.http.wire -  >> "Connection: Keep-Alive[\r][\n]"
08:36:00.171 [Test worker] DEBUG org.apache.http.wire -  >> "User-Agent: Apache-HttpClient/4.5.9 (Java/1.8.0_291)[\r][\n]"
08:36:00.171 [Test worker] DEBUG org.apache.http.wire -  >> "Accept-Encoding: gzip,deflate[\r][\n]"
08:36:00.171 [Test worker] DEBUG org.apache.http.wire -  >> "[\r][\n]"
08:36:00.171 [Test worker] DEBUG org.apache.http.headers - >> GET /api/execution-result?idexecution=13764 HTTP/1.1
08:36:00.171 [Test worker] DEBUG org.apache.http.headers - >> Content-Type: application/json; charset=UTF-8
08:36:00.171 [Test worker] DEBUG org.apache.http.headers - >> Authorization: Bearer eyJhbGciOiJIUzI1NiJ9.eyJzdWIiOiJOYXRhbGlhLlJpb3NBUEkiLCJleHAiOjE2NTk0ODA1MzksImlhdCI6MTY1OTQ0NDUzOX0.4UkNsdWsC0mTYE2KhCq0-IzvVMB0zHwRWqbt7awM7Xs
08:36:00.171 [Test worker] DEBUG org.apache.http.headers - >> Accept: */*
08:36:00.171 [Test worker] DEBUG org.apache.http.headers - >> Host: 10.69.42.60:8089
08:36:00.171 [Test worker] DEBUG org.apache.http.headers - >> Connection: Keep-Alive
08:36:00.171 [Test worker] DEBUG org.apache.http.headers - >> User-Agent: Apache-HttpClient/4.5.9 (Java/1.8.0_291)
08:36:00.171 [Test worker] DEBUG org.apache.http.headers - >> Accept-Encoding: gzip,deflate
08:36:00.270 [Test worker] DEBUG org.apache.http.wire -  << "HTTP/1.1 200 [\r][\n]"
08:36:00.270 [Test worker] DEBUG org.apache.http.wire -  << "Vary: Origin[\r][\n]"
08:36:00.270 [Test worker] DEBUG org.apache.http.wire -  << "Vary: Access-Control-Request-Method[\r][\n]"
08:36:00.270 [Test worker] DEBUG org.apache.http.wire -  << "Vary: Access-Control-Request-Headers[\r][\n]"
08:36:00.270 [Test worker] DEBUG org.apache.http.wire -  << "Vary: Origin[\r][\n]"
08:36:00.270 [Test worker] DEBUG org.apache.http.wire -  << "Vary: Access-Control-Request-Method[\r][\n]"
08:36:00.270 [Test worker] DEBUG org.apache.http.wire -  << "Vary: Access-Control-Request-Headers[\r][\n]"
08:36:00.270 [Test worker] DEBUG org.apache.http.wire -  << "X-Content-Type-Options: nosniff[\r][\n]"
08:36:00.270 [Test worker] DEBUG org.apache.http.wire -  << "X-XSS-Protection: 1; mode=block[\r][\n]"
08:36:00.270 [Test worker] DEBUG org.apache.http.wire -  << "Cache-Control: no-cache, no-store, max-age=0, must-revalidate[\r][\n]"
08:36:00.270 [Test worker] DEBUG org.apache.http.wire -  << "Pragma: no-cache[\r][\n]"
08:36:00.270 [Test worker] DEBUG org.apache.http.wire -  << "Expires: 0[\r][\n]"
08:36:00.270 [Test worker] DEBUG org.apache.http.wire -  << "X-Frame-Options: DENY[\r][\n]"
08:36:00.270 [Test worker] DEBUG org.apache.http.wire -  << "Content-Type: application/json[\r][\n]"
08:36:00.270 [Test worker] DEBUG org.apache.http.wire -  << "Transfer-Encoding: chunked[\r][\n]"
08:36:00.270 [Test worker] DEBUG org.apache.http.wire -  << "Date: Tue, 02 Aug 2022 12:52:15 GMT[\r][\n]"
08:36:00.270 [Test worker] DEBUG org.apache.http.wire -  << "Keep-Alive: timeout=60[\r][\n]"
08:36:00.270 [Test worker] DEBUG org.apache.http.wire -  << "Connection: keep-alive[\r][\n]"
08:36:00.270 [Test worker] DEBUG org.apache.http.wire -  << "[\r][\n]"
08:36:00.270 [Test worker] DEBUG org.apache.http.impl.conn.DefaultClientConnection - Receiving response: HTTP/1.1 200 
08:36:00.270 [Test worker] DEBUG org.apache.http.headers - << HTTP/1.1 200 
08:36:00.270 [Test worker] DEBUG org.apache.http.headers - << Vary: Origin
08:36:00.270 [Test worker] DEBUG org.apache.http.headers - << Vary: Access-Control-Request-Method
08:36:00.270 [Test worker] DEBUG org.apache.http.headers - << Vary: Access-Control-Request-Headers
08:36:00.270 [Test worker] DEBUG org.apache.http.headers - << Vary: Origin
08:36:00.270 [Test worker] DEBUG org.apache.http.headers - << Vary: Access-Control-Request-Method
08:36:00.271 [Test worker] DEBUG org.apache.http.headers - << Vary: Access-Control-Request-Headers
08:36:00.271 [Test worker] DEBUG org.apache.http.headers - << X-Content-Type-Options: nosniff
08:36:00.271 [Test worker] DEBUG org.apache.http.headers - << X-XSS-Protection: 1; mode=block
08:36:00.271 [Test worker] DEBUG org.apache.http.headers - << Cache-Control: no-cache, no-store, max-age=0, must-revalidate
08:36:00.271 [Test worker] DEBUG org.apache.http.headers - << Pragma: no-cache
08:36:00.271 [Test worker] DEBUG org.apache.http.headers - << Expires: 0
08:36:00.271 [Test worker] DEBUG org.apache.http.headers - << X-Frame-Options: DENY
08:36:00.271 [Test worker] DEBUG org.apache.http.headers - << Content-Type: application/json
08:36:00.271 [Test worker] DEBUG org.apache.http.headers - << Transfer-Encoding: chunked
08:36:00.271 [Test worker] DEBUG org.apache.http.headers - << Date: Tue, 02 Aug 2022 12:52:15 GMT
08:36:00.271 [Test worker] DEBUG org.apache.http.headers - << Keep-Alive: timeout=60
08:36:00.271 [Test worker] DEBUG org.apache.http.headers - << Connection: keep-alive
08:36:00.271 [Test worker] DEBUG org.apache.http.impl.client.DefaultHttpClient - Connection can be kept alive for 60000 MILLISECONDS
08:36:00.271 [Test worker] DEBUG io.restassured.internal.RequestSpecificationImpl$RestAssuredHttpBuilder - Parsing response as: application/json
08:36:00.271 [Test worker] DEBUG io.restassured.internal.RequestSpecificationImpl$RestAssuredHttpBuilder - Parsed data to instance of: class org.apache.http.conn.EofSensorInputStream
08:36:00.271 [Test worker] DEBUG org.apache.http.wire -  << "17c[\r][\n]"
08:36:00.271 [Test worker] DEBUG org.apache.http.wire -  << "{"result":["Exitoso"],"executionStatus":"Terminado","urlEvidenceSerenity":"http://10.69.42.60:8092/assets/evidences/02_08_2022_08_28_49_402/Sox_Evidence.zip","urlEvidenceEvidenceComplete":"http://10.69.42.60:8092/assets/evidences/02_08_2022_08_28_49_402/Complete_Evidence.zip","urlEvidenceSox":"http://10.69.42.60:8092/assets/evidences/02_08_2022_08_28_49_402/reports/index.html"}"
08:36:00.271 [Test worker] DEBUG org.apache.http.wire -  << "[\r][\n]"
08:36:00.271 [Test worker] DEBUG org.apache.http.wire -  << "0[\r][\n]"
08:36:00.271 [Test worker] DEBUG org.apache.http.wire -  << "[\r][\n]"
08:36:00.271 [Test worker] DEBUG org.apache.http.impl.conn.BasicClientConnectionManager - Releasing connection org.apache.http.impl.conn.ManagedClientConnectionImpl@7b6e592e
08:36:00.271 [Test worker] DEBUG org.apache.http.impl.conn.BasicClientConnectionManager - Connection can be kept alive for 60000 MILLISECONDS


Finaliza de manera Exitosa




 Se ejecuta API de Consulta de Resultado 


08:36:00.561 [Test worker] DEBUG org.apache.http.impl.conn.BasicClientConnectionManager - Get connection for route {}->http://10.69.42.60:8089
08:36:00.561 [Test worker] DEBUG org.apache.http.impl.conn.DefaultClientConnectionOperator - Connecting to 10.69.42.60:8089
08:36:00.622 [Test worker] DEBUG org.apache.http.client.protocol.RequestAddCookies - CookieSpec selected: ignoreCookies
08:36:00.623 [Test worker] DEBUG org.apache.http.client.protocol.RequestAuthCache - Auth cache not set in the context
08:36:00.623 [Test worker] DEBUG org.apache.http.client.protocol.RequestProxyAuthentication - Proxy auth state: UNCHALLENGED
08:36:00.623 [Test worker] DEBUG org.apache.http.impl.client.DefaultHttpClient - Attempt 1 to execute request
08:36:00.623 [Test worker] DEBUG org.apache.http.impl.conn.DefaultClientConnection - Sending request: GET /api/execution-result?idexecution=13764 HTTP/1.1
08:36:00.623 [Test worker] DEBUG org.apache.http.wire -  >> "GET /api/execution-result?idexecution=13764 HTTP/1.1[\r][\n]"
08:36:00.623 [Test worker] DEBUG org.apache.http.wire -  >> "Content-Type: application/json; charset=UTF-8[\r][\n]"
08:36:00.623 [Test worker] DEBUG org.apache.http.wire -  >> "Authorization: Bearer eyJhbGciOiJIUzI1NiJ9.eyJzdWIiOiJOYXRhbGlhLlJpb3NBUEkiLCJleHAiOjE2NTk0ODA1MzksImlhdCI6MTY1OTQ0NDUzOX0.4UkNsdWsC0mTYE2KhCq0-IzvVMB0zHwRWqbt7awM7Xs[\r][\n]"
08:36:00.623 [Test worker] DEBUG org.apache.http.wire -  >> "Accept: */*[\r][\n]"
08:36:00.623 [Test worker] DEBUG org.apache.http.wire -  >> "Host: 10.69.42.60:8089[\r][\n]"
08:36:00.623 [Test worker] DEBUG org.apache.http.wire -  >> "Connection: Keep-Alive[\r][\n]"
08:36:00.623 [Test worker] DEBUG org.apache.http.wire -  >> "User-Agent: Apache-HttpClient/4.5.9 (Java/1.8.0_291)[\r][\n]"
08:36:00.623 [Test worker] DEBUG org.apache.http.wire -  >> "Accept-Encoding: gzip,deflate[\r][\n]"
08:36:00.623 [Test worker] DEBUG org.apache.http.wire -  >> "[\r][\n]"
08:36:00.623 [Test worker] DEBUG org.apache.http.headers - >> GET /api/execution-result?idexecution=13764 HTTP/1.1
08:36:00.623 [Test worker] DEBUG org.apache.http.headers - >> Content-Type: application/json; charset=UTF-8
08:36:00.623 [Test worker] DEBUG org.apache.http.headers - >> Authorization: Bearer eyJhbGciOiJIUzI1NiJ9.eyJzdWIiOiJOYXRhbGlhLlJpb3NBUEkiLCJleHAiOjE2NTk0ODA1MzksImlhdCI6MTY1OTQ0NDUzOX0.4UkNsdWsC0mTYE2KhCq0-IzvVMB0zHwRWqbt7awM7Xs
08:36:00.623 [Test worker] DEBUG org.apache.http.headers - >> Accept: */*
08:36:00.623 [Test worker] DEBUG org.apache.http.headers - >> Host: 10.69.42.60:8089
08:36:00.623 [Test worker] DEBUG org.apache.http.headers - >> Connection: Keep-Alive
08:36:00.623 [Test worker] DEBUG org.apache.http.headers - >> User-Agent: Apache-HttpClient/4.5.9 (Java/1.8.0_291)
08:36:00.623 [Test worker] DEBUG org.apache.http.headers - >> Accept-Encoding: gzip,deflate
08:36:00.740 [Test worker] DEBUG org.apache.http.wire -  << "HTTP/1.1 200 [\r][\n]"
08:36:00.740 [Test worker] DEBUG org.apache.http.wire -  << "Vary: Origin[\r][\n]"
08:36:00.740 [Test worker] DEBUG org.apache.http.wire -  << "Vary: Access-Control-Request-Method[\r][\n]"
08:36:00.740 [Test worker] DEBUG org.apache.http.wire -  << "Vary: Access-Control-Request-Headers[\r][\n]"
08:36:00.740 [Test worker] DEBUG org.apache.http.wire -  << "Vary: Origin[\r][\n]"
08:36:00.740 [Test worker] DEBUG org.apache.http.wire -  << "Vary: Access-Control-Request-Method[\r][\n]"
08:36:00.740 [Test worker] DEBUG org.apache.http.wire -  << "Vary: Access-Control-Request-Headers[\r][\n]"
08:36:00.740 [Test worker] DEBUG org.apache.http.wire -  << "X-Content-Type-Options: nosniff[\r][\n]"
08:36:00.740 [Test worker] DEBUG org.apache.http.wire -  << "X-XSS-Protection: 1; mode=block[\r][\n]"
08:36:00.740 [Test worker] DEBUG org.apache.http.wire -  << "Cache-Control: no-cache, no-store, max-age=0, must-revalidate[\r][\n]"
08:36:00.740 [Test worker] DEBUG org.apache.http.wire -  << "Pragma: no-cache[\r][\n]"
08:36:00.740 [Test worker] DEBUG org.apache.http.wire -  << "Expires: 0[\r][\n]"
08:36:00.740 [Test worker] DEBUG org.apache.http.wire -  << "X-Frame-Options: DENY[\r][\n]"
08:36:00.740 [Test worker] DEBUG org.apache.http.wire -  << "Content-Type: application/json[\r][\n]"
08:36:00.740 [Test worker] DEBUG org.apache.http.wire -  << "Transfer-Encoding: chunked[\r][\n]"
08:36:00.740 [Test worker] DEBUG org.apache.http.wire -  << "Date: Tue, 02 Aug 2022 12:52:15 GMT[\r][\n]"
08:36:00.740 [Test worker] DEBUG org.apache.http.wire -  << "Keep-Alive: timeout=60[\r][\n]"
08:36:00.740 [Test worker] DEBUG org.apache.http.wire -  << "Connection: keep-alive[\r][\n]"
08:36:00.740 [Test worker] DEBUG org.apache.http.wire -  << "[\r][\n]"
08:36:00.740 [Test worker] DEBUG org.apache.http.impl.conn.DefaultClientConnection - Receiving response: HTTP/1.1 200 
08:36:00.740 [Test worker] DEBUG org.apache.http.headers - << HTTP/1.1 200 
08:36:00.740 [Test worker] DEBUG org.apache.http.headers - << Vary: Origin
08:36:00.740 [Test worker] DEBUG org.apache.http.headers - << Vary: Access-Control-Request-Method
08:36:00.740 [Test worker] DEBUG org.apache.http.headers - << Vary: Access-Control-Request-Headers
08:36:00.740 [Test worker] DEBUG org.apache.http.headers - << Vary: Origin
08:36:00.740 [Test worker] DEBUG org.apache.http.headers - << Vary: Access-Control-Request-Method
08:36:00.740 [Test worker] DEBUG org.apache.http.headers - << Vary: Access-Control-Request-Headers
08:36:00.740 [Test worker] DEBUG org.apache.http.headers - << X-Content-Type-Options: nosniff
08:36:00.740 [Test worker] DEBUG org.apache.http.headers - << X-XSS-Protection: 1; mode=block
08:36:00.740 [Test worker] DEBUG org.apache.http.headers - << Cache-Control: no-cache, no-store, max-age=0, must-revalidate
08:36:00.740 [Test worker] DEBUG org.apache.http.headers - << Pragma: no-cache
08:36:00.740 [Test worker] DEBUG org.apache.http.headers - << Expires: 0
08:36:00.740 [Test worker] DEBUG org.apache.http.headers - << X-Frame-Options: DENY
08:36:00.740 [Test worker] DEBUG org.apache.http.headers - << Content-Type: application/json
08:36:00.740 [Test worker] DEBUG org.apache.http.headers - << Transfer-Encoding: chunked
08:36:00.740 [Test worker] DEBUG org.apache.http.headers - << Date: Tue, 02 Aug 2022 12:52:15 GMT
08:36:00.740 [Test worker] DEBUG org.apache.http.headers - << Keep-Alive: timeout=60
08:36:00.740 [Test worker] DEBUG org.apache.http.headers - << Connection: keep-alive
08:36:00.750 [Test worker] DEBUG org.apache.http.impl.client.DefaultHttpClient - Connection can be kept alive for 60000 MILLISECONDS
08:36:00.750 [Test worker] DEBUG io.restassured.internal.RequestSpecificationImpl$RestAssuredHttpBuilder - Parsing response as: application/json
08:36:00.750 [Test worker] DEBUG io.restassured.internal.RequestSpecificationImpl$RestAssuredHttpBuilder - Parsed data to instance of: class org.apache.http.conn.EofSensorInputStream
08:36:00.751 [Test worker] DEBUG org.apache.http.wire -  << "17c[\r][\n]"
08:36:00.752 [Test worker] DEBUG org.apache.http.wire -  << "{"result":["Exitoso"],"executionStatus":"Terminado","urlEvidenceSerenity":"http://10.69.42.60:8092/assets/evidences/02_08_2022_08_28_49_402/Sox_Evidence.zip","urlEvidenceEvidenceComplete":"http://10.69.42.60:8092/assets/evidences/02_08_2022_08_28_49_402/Complete_Evidence.zip","urlEvidenceSox":"http://10.69.42.60:8092/assets/evidences/02_08_2022_08_28_49_402/reports/index.html"}"
08:36:00.752 [Test worker] DEBUG org.apache.http.wire -  << "[\r][\n]"
08:36:00.752 [Test worker] DEBUG org.apache.http.wire -  << "0[\r][\n]"
08:36:00.752 [Test worker] DEBUG org.apache.http.wire -  << "[\r][\n]"
08:36:00.752 [Test worker] DEBUG org.apache.http.impl.conn.BasicClientConnectionManager - Releasing connection org.apache.http.impl.conn.ManagedClientConnectionImpl@536d29b6
08:36:00.752 [Test worker] DEBUG org.apache.http.impl.conn.BasicClientConnectionManager - Connection can be kept alive for 60000 MILLISECONDS


Finaliza de manera Exitosa




[13764, http://10.69.42.60:8092/assets/evidences/02_08_2022_08_28_49_402/Sox_Evidence.zip, http://10.69.42.60:8092/assets/evidences/02_08_2022_08_28_49_402/Complete_Evidence.zip, http://10.69.42.60:8092/assets/evidences/02_08_2022_08_28_49_402/reports/index.html]


08:36:00.911 [Test worker] INFO net.thucydides.core.steps.ConsoleLoggingListener - 
        __    _____ _____ ____ _____   ____   _    ____  ____  _____ ____  
  _     \ \  |_   _| ____/ ___|_   _| |  _ \ / \  / ___|/ ___|| ____|  _ \ 
 (_)_____| |   | | |  _| \___ \ | |   | |_) / _ \ \___ \\___ \|  _| | | | |
  _|_____| |   | | | |___ ___) || |   |  __/ ___ \ ___) |___) | |___| |_| |
 (_)     | |   |_| |_____|____/ |_|   |_| /_/   \_\____/|____/|_____|____/ 
        /_/                                                                

TEST PASSED: Cambio de Pospago a Pospago Generico
----------------------------------------------------------------------------
]]></system-out>
  <system-err><![CDATA[]]></system-err>
</testsuite>
